{"C:\\Users\\Maciu\\Desktop\\Proiect WishlistApp\\Proiect\\controllers\\deleteUserController.js": {"path":"C:\\Users\\Maciu\\Desktop\\Proiect WishlistApp\\Proiect\\controllers\\deleteUserController.js","statementMap":{"0":{"start":{"line":13,"column":19},"end":{"line":82,"column":1}},"1":{"start":{"line":14,"column":4},"end":{"line":81,"column":5}},"2":{"start":{"line":15,"column":21},"end":{"line":15,"column":73}},"3":{"start":{"line":16,"column":8},"end":{"line":18,"column":9}},"4":{"start":{"line":17,"column":12},"end":{"line":17,"column":47}},"5":{"start":{"line":21,"column":8},"end":{"line":21,"column":73}},"6":{"start":{"line":24,"column":8},"end":{"line":24,"column":80}},"7":{"start":{"line":27,"column":26},"end":{"line":27,"column":39}},"8":{"start":{"line":28,"column":8},"end":{"line":53,"column":9}},"9":{"start":{"line":29,"column":34},"end":{"line":29,"column":55}},"10":{"start":{"line":32,"column":12},"end":{"line":42,"column":13}},"11":{"start":{"line":33,"column":29},"end":{"line":33,"column":50}},"12":{"start":{"line":35,"column":32},"end":{"line":35,"column":55}},"13":{"start":{"line":36,"column":16},"end":{"line":38,"column":17}},"14":{"start":{"line":37,"column":20},"end":{"line":37,"column":71}},"15":{"start":{"line":40,"column":16},"end":{"line":40,"column":84}},"16":{"start":{"line":41,"column":16},"end":{"line":41,"column":54}},"17":{"start":{"line":44,"column":35},"end":{"line":44,"column":57}},"18":{"start":{"line":47,"column":12},"end":{"line":49,"column":13}},"19":{"start":{"line":48,"column":16},"end":{"line":48,"column":84}},"20":{"start":{"line":52,"column":12},"end":{"line":52,"column":63}},"21":{"start":{"line":58,"column":23},"end":{"line":58,"column":39}},"22":{"start":{"line":59,"column":8},"end":{"line":67,"column":9}},"23":{"start":{"line":60,"column":26},"end":{"line":60,"column":39}},"24":{"start":{"line":61,"column":26},"end":{"line":61,"column":39}},"25":{"start":{"line":63,"column":12},"end":{"line":63,"column":65}},"26":{"start":{"line":64,"column":12},"end":{"line":66,"column":13}},"27":{"start":{"line":65,"column":16},"end":{"line":65,"column":51}},"28":{"start":{"line":70,"column":30},"end":{"line":70,"column":47}},"29":{"start":{"line":71,"column":8},"end":{"line":73,"column":9}},"30":{"start":{"line":72,"column":12},"end":{"line":72,"column":75}},"31":{"start":{"line":75,"column":8},"end":{"line":75,"column":50}},"32":{"start":{"line":77,"column":8},"end":{"line":77,"column":50}},"33":{"start":{"line":79,"column":8},"end":{"line":79,"column":55}},"34":{"start":{"line":80,"column":8},"end":{"line":80,"column":18}}},"fnMap":{"0":{"name":"(anonymous_0)","decl":{"start":{"line":13,"column":19},"end":{"line":13,"column":20}},"loc":{"start":{"line":13,"column":45},"end":{"line":82,"column":1}},"line":13}},"branchMap":{"0":{"loc":{"start":{"line":16,"column":8},"end":{"line":18,"column":9}},"type":"if","locations":[{"start":{"line":16,"column":8},"end":{"line":18,"column":9}},{"start":{},"end":{}}],"line":16},"1":{"loc":{"start":{"line":64,"column":12},"end":{"line":66,"column":13}},"type":"if","locations":[{"start":{"line":64,"column":12},"end":{"line":66,"column":13}},{"start":{},"end":{}}],"line":64}},"s":{"0":1,"1":2,"2":2,"3":1,"4":0,"5":1,"6":1,"7":1,"8":1,"9":0,"10":0,"11":0,"12":0,"13":0,"14":0,"15":0,"16":0,"17":0,"18":0,"19":0,"20":0,"21":1,"22":1,"23":0,"24":0,"25":0,"26":0,"27":0,"28":1,"29":1,"30":0,"31":1,"32":1,"33":1,"34":1},"f":{"0":2},"b":{"0":[0,1],"1":[0,0]},"_coverageSchema":"1a1c01bbd47fc00a2c39e90264f33305004495a9","hash":"b4df13b08c931bfc62b1c0c16e3419971b76af68"}
,"C:\\Users\\Maciu\\Desktop\\Proiect WishlistApp\\Proiect\\controllers\\groupControllers.js": {"path":"C:\\Users\\Maciu\\Desktop\\Proiect WishlistApp\\Proiect\\controllers\\groupControllers.js","statementMap":{"0":{"start":{"line":5,"column":18},"end":{"line":12,"column":1}},"1":{"start":{"line":6,"column":4},"end":{"line":11,"column":5}},"2":{"start":{"line":7,"column":8},"end":{"line":7,"column":47}},"3":{"start":{"line":9,"column":8},"end":{"line":9,"column":56}},"4":{"start":{"line":10,"column":8},"end":{"line":10,"column":18}},"5":{"start":{"line":14,"column":17},"end":{"line":28,"column":1}},"6":{"start":{"line":15,"column":4},"end":{"line":27,"column":5}},"7":{"start":{"line":16,"column":8},"end":{"line":18,"column":9}},"8":{"start":{"line":17,"column":12},"end":{"line":17,"column":54}},"9":{"start":{"line":19,"column":25},"end":{"line":19,"column":68}},"10":{"start":{"line":20,"column":8},"end":{"line":22,"column":9}},"11":{"start":{"line":21,"column":12},"end":{"line":21,"column":48}},"12":{"start":{"line":23,"column":8},"end":{"line":23,"column":27}},"13":{"start":{"line":25,"column":8},"end":{"line":25,"column":55}},"14":{"start":{"line":26,"column":8},"end":{"line":26,"column":18}},"15":{"start":{"line":30,"column":31},"end":{"line":65,"column":1}},"16":{"start":{"line":31,"column":4},"end":{"line":64,"column":5}},"17":{"start":{"line":32,"column":8},"end":{"line":34,"column":9}},"18":{"start":{"line":33,"column":12},"end":{"line":33,"column":54}},"19":{"start":{"line":35,"column":22},"end":{"line":35,"column":65}},"20":{"start":{"line":36,"column":8},"end":{"line":38,"column":9}},"21":{"start":{"line":37,"column":12},"end":{"line":37,"column":48}},"22":{"start":{"line":39,"column":21},"end":{"line":39,"column":31}},"23":{"start":{"line":40,"column":19},"end":{"line":40,"column":27}},"24":{"start":{"line":42,"column":22},"end":{"line":42,"column":24}},"25":{"start":{"line":43,"column":29},"end":{"line":43,"column":46}},"26":{"start":{"line":44,"column":8},"end":{"line":47,"column":9}},"27":{"start":{"line":45,"column":23},"end":{"line":45,"column":71}},"28":{"start":{"line":46,"column":12},"end":{"line":46,"column":29}},"29":{"start":{"line":49,"column":26},"end":{"line":49,"column":28}},"30":{"start":{"line":50,"column":31},"end":{"line":50,"column":50}},"31":{"start":{"line":51,"column":8},"end":{"line":54,"column":9}},"32":{"start":{"line":52,"column":27},"end":{"line":52,"column":91}},"33":{"start":{"line":53,"column":12},"end":{"line":53,"column":37}},"34":{"start":{"line":56,"column":25},"end":{"line":58,"column":9}},"35":{"start":{"line":60,"column":8},"end":{"line":60,"column":27}},"36":{"start":{"line":62,"column":8},"end":{"line":62,"column":55}},"37":{"start":{"line":63,"column":8},"end":{"line":63,"column":18}},"38":{"start":{"line":67,"column":17},"end":{"line":77,"column":1}},"39":{"start":{"line":68,"column":4},"end":{"line":76,"column":5}},"40":{"start":{"line":69,"column":25},"end":{"line":71,"column":10}},"41":{"start":{"line":72,"column":8},"end":{"line":72,"column":27}},"42":{"start":{"line":74,"column":8},"end":{"line":74,"column":54}},"43":{"start":{"line":75,"column":8},"end":{"line":75,"column":18}},"44":{"start":{"line":79,"column":20},"end":{"line":100,"column":1}},"45":{"start":{"line":80,"column":4},"end":{"line":99,"column":5}},"46":{"start":{"line":81,"column":8},"end":{"line":83,"column":9}},"47":{"start":{"line":82,"column":12},"end":{"line":82,"column":54}},"48":{"start":{"line":84,"column":19},"end":{"line":84,"column":32}},"49":{"start":{"line":85,"column":22},"end":{"line":85,"column":54}},"50":{"start":{"line":87,"column":8},"end":{"line":89,"column":9}},"51":{"start":{"line":88,"column":12},"end":{"line":88,"column":49}},"52":{"start":{"line":91,"column":25},"end":{"line":93,"column":10}},"53":{"start":{"line":95,"column":8},"end":{"line":95,"column":27}},"54":{"start":{"line":97,"column":8},"end":{"line":97,"column":56}},"55":{"start":{"line":98,"column":8},"end":{"line":98,"column":18}},"56":{"start":{"line":102,"column":20},"end":{"line":113,"column":1}},"57":{"start":{"line":103,"column":4},"end":{"line":112,"column":5}},"58":{"start":{"line":104,"column":8},"end":{"line":106,"column":9}},"59":{"start":{"line":105,"column":12},"end":{"line":105,"column":54}},"60":{"start":{"line":107,"column":25},"end":{"line":107,"column":71}},"61":{"start":{"line":108,"column":8},"end":{"line":108,"column":40}},"62":{"start":{"line":110,"column":8},"end":{"line":110,"column":54}},"63":{"start":{"line":111,"column":8},"end":{"line":111,"column":18}}},"fnMap":{"0":{"name":"(anonymous_0)","decl":{"start":{"line":5,"column":18},"end":{"line":5,"column":19}},"loc":{"start":{"line":5,"column":44},"end":{"line":12,"column":1}},"line":5},"1":{"name":"(anonymous_1)","decl":{"start":{"line":14,"column":17},"end":{"line":14,"column":18}},"loc":{"start":{"line":14,"column":43},"end":{"line":28,"column":1}},"line":14},"2":{"name":"(anonymous_2)","decl":{"start":{"line":30,"column":31},"end":{"line":30,"column":32}},"loc":{"start":{"line":30,"column":57},"end":{"line":65,"column":1}},"line":30},"3":{"name":"(anonymous_3)","decl":{"start":{"line":67,"column":17},"end":{"line":67,"column":18}},"loc":{"start":{"line":67,"column":43},"end":{"line":77,"column":1}},"line":67},"4":{"name":"(anonymous_4)","decl":{"start":{"line":79,"column":20},"end":{"line":79,"column":21}},"loc":{"start":{"line":79,"column":46},"end":{"line":100,"column":1}},"line":79},"5":{"name":"(anonymous_5)","decl":{"start":{"line":102,"column":20},"end":{"line":102,"column":21}},"loc":{"start":{"line":102,"column":46},"end":{"line":113,"column":1}},"line":102}},"branchMap":{"0":{"loc":{"start":{"line":16,"column":8},"end":{"line":18,"column":9}},"type":"if","locations":[{"start":{"line":16,"column":8},"end":{"line":18,"column":9}},{"start":{},"end":{}}],"line":16},"1":{"loc":{"start":{"line":20,"column":8},"end":{"line":22,"column":9}},"type":"if","locations":[{"start":{"line":20,"column":8},"end":{"line":22,"column":9}},{"start":{},"end":{}}],"line":20},"2":{"loc":{"start":{"line":32,"column":8},"end":{"line":34,"column":9}},"type":"if","locations":[{"start":{"line":32,"column":8},"end":{"line":34,"column":9}},{"start":{},"end":{}}],"line":32},"3":{"loc":{"start":{"line":36,"column":8},"end":{"line":38,"column":9}},"type":"if","locations":[{"start":{"line":36,"column":8},"end":{"line":38,"column":9}},{"start":{},"end":{}}],"line":36},"4":{"loc":{"start":{"line":81,"column":8},"end":{"line":83,"column":9}},"type":"if","locations":[{"start":{"line":81,"column":8},"end":{"line":83,"column":9}},{"start":{},"end":{}}],"line":81},"5":{"loc":{"start":{"line":87,"column":8},"end":{"line":89,"column":9}},"type":"if","locations":[{"start":{"line":87,"column":8},"end":{"line":89,"column":9}},{"start":{},"end":{}}],"line":87},"6":{"loc":{"start":{"line":92,"column":18},"end":{"line":92,"column":47}},"type":"binary-expr","locations":[{"start":{"line":92,"column":18},"end":{"line":92,"column":33}},{"start":{"line":92,"column":37},"end":{"line":92,"column":47}}],"line":92},"7":{"loc":{"start":{"line":104,"column":8},"end":{"line":106,"column":9}},"type":"if","locations":[{"start":{"line":104,"column":8},"end":{"line":106,"column":9}},{"start":{},"end":{}}],"line":104}},"s":{"0":1,"1":2,"2":2,"3":1,"4":1,"5":1,"6":2,"7":2,"8":1,"9":1,"10":1,"11":0,"12":1,"13":1,"14":1,"15":1,"16":0,"17":0,"18":0,"19":0,"20":0,"21":0,"22":0,"23":0,"24":0,"25":0,"26":0,"27":0,"28":0,"29":0,"30":0,"31":0,"32":0,"33":0,"34":0,"35":0,"36":0,"37":0,"38":1,"39":2,"40":2,"41":1,"42":1,"43":1,"44":1,"45":2,"46":2,"47":1,"48":1,"49":1,"50":1,"51":0,"52":1,"53":1,"54":1,"55":1,"56":1,"57":2,"58":2,"59":1,"60":1,"61":1,"62":1,"63":1},"f":{"0":2,"1":2,"2":0,"3":2,"4":2,"5":2},"b":{"0":[1,1],"1":[0,1],"2":[0,0],"3":[0,0],"4":[1,1],"5":[0,1],"6":[1,1],"7":[1,1]},"_coverageSchema":"1a1c01bbd47fc00a2c39e90264f33305004495a9","hash":"e59f2df7400a9b45bafb347bac708e636e7f1461"}
,"C:\\Users\\Maciu\\Desktop\\Proiect WishlistApp\\Proiect\\controllers\\groupWishlistControllers.js": {"path":"C:\\Users\\Maciu\\Desktop\\Proiect WishlistApp\\Proiect\\controllers\\groupWishlistControllers.js","statementMap":{"0":{"start":{"line":5,"column":27},"end":{"line":12,"column":1}},"1":{"start":{"line":6,"column":4},"end":{"line":11,"column":5}},"2":{"start":{"line":7,"column":8},"end":{"line":7,"column":55}},"3":{"start":{"line":9,"column":8},"end":{"line":9,"column":65}},"4":{"start":{"line":10,"column":8},"end":{"line":10,"column":18}},"5":{"start":{"line":14,"column":25},"end":{"line":30,"column":1}},"6":{"start":{"line":15,"column":4},"end":{"line":29,"column":5}},"7":{"start":{"line":16,"column":8},"end":{"line":18,"column":9}},"8":{"start":{"line":17,"column":12},"end":{"line":17,"column":54}},"9":{"start":{"line":19,"column":25},"end":{"line":19,"column":84}},"10":{"start":{"line":21,"column":8},"end":{"line":23,"column":9}},"11":{"start":{"line":22,"column":12},"end":{"line":22,"column":54}},"12":{"start":{"line":25,"column":8},"end":{"line":25,"column":27}},"13":{"start":{"line":27,"column":8},"end":{"line":27,"column":63}},"14":{"start":{"line":28,"column":8},"end":{"line":28,"column":18}},"15":{"start":{"line":32,"column":25},"end":{"line":89,"column":1}},"16":{"start":{"line":33,"column":4},"end":{"line":88,"column":5}},"17":{"start":{"line":34,"column":22},"end":{"line":34,"column":68}},"18":{"start":{"line":35,"column":8},"end":{"line":37,"column":9}},"19":{"start":{"line":36,"column":12},"end":{"line":36,"column":48}},"20":{"start":{"line":39,"column":8},"end":{"line":84,"column":9}},"21":{"start":{"line":40,"column":29},"end":{"line":40,"column":88}},"22":{"start":{"line":41,"column":12},"end":{"line":43,"column":13}},"23":{"start":{"line":42,"column":16},"end":{"line":42,"column":55}},"24":{"start":{"line":45,"column":29},"end":{"line":56,"column":14}},"25":{"start":{"line":57,"column":12},"end":{"line":57,"column":31}},"26":{"start":{"line":59,"column":32},"end":{"line":59,"column":51}},"27":{"start":{"line":60,"column":29},"end":{"line":60,"column":31}},"28":{"start":{"line":62,"column":12},"end":{"line":82,"column":13}},"29":{"start":{"line":64,"column":31},"end":{"line":64,"column":81}},"30":{"start":{"line":65,"column":16},"end":{"line":67,"column":17}},"31":{"start":{"line":66,"column":20},"end":{"line":66,"column":59}},"32":{"start":{"line":69,"column":27},"end":{"line":80,"column":18}},"33":{"start":{"line":81,"column":16},"end":{"line":81,"column":36}},"34":{"start":{"line":83,"column":12},"end":{"line":83,"column":31}},"35":{"start":{"line":86,"column":8},"end":{"line":86,"column":62}},"36":{"start":{"line":87,"column":8},"end":{"line":87,"column":18}},"37":{"start":{"line":91,"column":28},"end":{"line":135,"column":1}},"38":{"start":{"line":92,"column":4},"end":{"line":134,"column":5}},"39":{"start":{"line":93,"column":8},"end":{"line":95,"column":9}},"40":{"start":{"line":94,"column":12},"end":{"line":94,"column":54}},"41":{"start":{"line":97,"column":30},"end":{"line":97,"column":89}},"42":{"start":{"line":99,"column":8},"end":{"line":101,"column":9}},"43":{"start":{"line":100,"column":12},"end":{"line":100,"column":57}},"44":{"start":{"line":103,"column":31},"end":{"line":103,"column":33}},"45":{"start":{"line":105,"column":8},"end":{"line":116,"column":9}},"46":{"start":{"line":106,"column":32},"end":{"line":106,"column":93}},"47":{"start":{"line":107,"column":12},"end":{"line":109,"column":13}},"48":{"start":{"line":108,"column":16},"end":{"line":108,"column":55}},"49":{"start":{"line":111,"column":12},"end":{"line":115,"column":13}},"50":{"start":{"line":118,"column":8},"end":{"line":128,"column":9}},"51":{"start":{"line":119,"column":29},"end":{"line":119,"column":75}},"52":{"start":{"line":120,"column":12},"end":{"line":122,"column":13}},"53":{"start":{"line":121,"column":16},"end":{"line":121,"column":52}},"54":{"start":{"line":123,"column":12},"end":{"line":127,"column":13}},"55":{"start":{"line":129,"column":25},"end":{"line":129,"column":103}},"56":{"start":{"line":130,"column":8},"end":{"line":130,"column":27}},"57":{"start":{"line":132,"column":8},"end":{"line":132,"column":64}},"58":{"start":{"line":133,"column":8},"end":{"line":133,"column":18}},"59":{"start":{"line":137,"column":28},"end":{"line":148,"column":1}},"60":{"start":{"line":138,"column":4},"end":{"line":147,"column":5}},"61":{"start":{"line":139,"column":8},"end":{"line":141,"column":9}},"62":{"start":{"line":140,"column":12},"end":{"line":140,"column":54}},"63":{"start":{"line":142,"column":25},"end":{"line":142,"column":87}},"64":{"start":{"line":143,"column":8},"end":{"line":143,"column":40}},"65":{"start":{"line":145,"column":8},"end":{"line":145,"column":64}},"66":{"start":{"line":146,"column":8},"end":{"line":146,"column":18}}},"fnMap":{"0":{"name":"(anonymous_0)","decl":{"start":{"line":5,"column":27},"end":{"line":5,"column":28}},"loc":{"start":{"line":5,"column":53},"end":{"line":12,"column":1}},"line":5},"1":{"name":"(anonymous_1)","decl":{"start":{"line":14,"column":25},"end":{"line":14,"column":26}},"loc":{"start":{"line":14,"column":51},"end":{"line":30,"column":1}},"line":14},"2":{"name":"(anonymous_2)","decl":{"start":{"line":32,"column":25},"end":{"line":32,"column":26}},"loc":{"start":{"line":32,"column":51},"end":{"line":89,"column":1}},"line":32},"3":{"name":"(anonymous_3)","decl":{"start":{"line":91,"column":28},"end":{"line":91,"column":29}},"loc":{"start":{"line":91,"column":54},"end":{"line":135,"column":1}},"line":91},"4":{"name":"(anonymous_4)","decl":{"start":{"line":137,"column":28},"end":{"line":137,"column":29}},"loc":{"start":{"line":137,"column":54},"end":{"line":148,"column":1}},"line":137}},"branchMap":{"0":{"loc":{"start":{"line":16,"column":8},"end":{"line":18,"column":9}},"type":"if","locations":[{"start":{"line":16,"column":8},"end":{"line":18,"column":9}},{"start":{},"end":{}}],"line":16},"1":{"loc":{"start":{"line":21,"column":8},"end":{"line":23,"column":9}},"type":"if","locations":[{"start":{"line":21,"column":8},"end":{"line":23,"column":9}},{"start":{},"end":{}}],"line":21},"2":{"loc":{"start":{"line":35,"column":8},"end":{"line":37,"column":9}},"type":"if","locations":[{"start":{"line":35,"column":8},"end":{"line":37,"column":9}},{"start":{},"end":{}}],"line":35},"3":{"loc":{"start":{"line":39,"column":8},"end":{"line":84,"column":9}},"type":"if","locations":[{"start":{"line":39,"column":8},"end":{"line":84,"column":9}},{"start":{"line":58,"column":15},"end":{"line":84,"column":9}}],"line":39},"4":{"loc":{"start":{"line":41,"column":12},"end":{"line":43,"column":13}},"type":"if","locations":[{"start":{"line":41,"column":12},"end":{"line":43,"column":13}},{"start":{},"end":{}}],"line":41},"5":{"loc":{"start":{"line":65,"column":16},"end":{"line":67,"column":17}},"type":"if","locations":[{"start":{"line":65,"column":16},"end":{"line":67,"column":17}},{"start":{},"end":{}}],"line":65},"6":{"loc":{"start":{"line":93,"column":8},"end":{"line":95,"column":9}},"type":"if","locations":[{"start":{"line":93,"column":8},"end":{"line":95,"column":9}},{"start":{},"end":{}}],"line":93},"7":{"loc":{"start":{"line":99,"column":8},"end":{"line":101,"column":9}},"type":"if","locations":[{"start":{"line":99,"column":8},"end":{"line":101,"column":9}},{"start":{},"end":{}}],"line":99},"8":{"loc":{"start":{"line":105,"column":8},"end":{"line":116,"column":9}},"type":"if","locations":[{"start":{"line":105,"column":8},"end":{"line":116,"column":9}},{"start":{},"end":{}}],"line":105},"9":{"loc":{"start":{"line":107,"column":12},"end":{"line":109,"column":13}},"type":"if","locations":[{"start":{"line":107,"column":12},"end":{"line":109,"column":13}},{"start":{},"end":{}}],"line":107},"10":{"loc":{"start":{"line":118,"column":8},"end":{"line":128,"column":9}},"type":"if","locations":[{"start":{"line":118,"column":8},"end":{"line":128,"column":9}},{"start":{},"end":{}}],"line":118},"11":{"loc":{"start":{"line":120,"column":12},"end":{"line":122,"column":13}},"type":"if","locations":[{"start":{"line":120,"column":12},"end":{"line":122,"column":13}},{"start":{},"end":{}}],"line":120},"12":{"loc":{"start":{"line":139,"column":8},"end":{"line":141,"column":9}},"type":"if","locations":[{"start":{"line":139,"column":8},"end":{"line":141,"column":9}},{"start":{},"end":{}}],"line":139}},"s":{"0":1,"1":2,"2":2,"3":1,"4":1,"5":1,"6":0,"7":0,"8":0,"9":0,"10":0,"11":0,"12":0,"13":0,"14":0,"15":1,"16":0,"17":0,"18":0,"19":0,"20":0,"21":0,"22":0,"23":0,"24":0,"25":0,"26":0,"27":0,"28":0,"29":0,"30":0,"31":0,"32":0,"33":0,"34":0,"35":0,"36":0,"37":1,"38":0,"39":0,"40":0,"41":0,"42":0,"43":0,"44":0,"45":0,"46":0,"47":0,"48":0,"49":0,"50":0,"51":0,"52":0,"53":0,"54":0,"55":0,"56":0,"57":0,"58":0,"59":1,"60":0,"61":0,"62":0,"63":0,"64":0,"65":0,"66":0},"f":{"0":2,"1":0,"2":0,"3":0,"4":0},"b":{"0":[0,0],"1":[0,0],"2":[0,0],"3":[0,0],"4":[0,0],"5":[0,0],"6":[0,0],"7":[0,0],"8":[0,0],"9":[0,0],"10":[0,0],"11":[0,0],"12":[0,0]},"_coverageSchema":"1a1c01bbd47fc00a2c39e90264f33305004495a9","hash":"c6240328fa0a5f44c13258212e003a724d4cb285"}
,"C:\\Users\\Maciu\\Desktop\\Proiect WishlistApp\\Proiect\\controllers\\itemControllers.js": {"path":"C:\\Users\\Maciu\\Desktop\\Proiect WishlistApp\\Proiect\\controllers\\itemControllers.js","statementMap":{"0":{"start":{"line":3,"column":17},"end":{"line":10,"column":1}},"1":{"start":{"line":4,"column":4},"end":{"line":9,"column":5}},"2":{"start":{"line":5,"column":8},"end":{"line":5,"column":46}},"3":{"start":{"line":7,"column":8},"end":{"line":7,"column":55}},"4":{"start":{"line":8,"column":8},"end":{"line":8,"column":18}},"5":{"start":{"line":12,"column":16},"end":{"line":26,"column":1}},"6":{"start":{"line":13,"column":4},"end":{"line":25,"column":5}},"7":{"start":{"line":14,"column":8},"end":{"line":16,"column":9}},"8":{"start":{"line":15,"column":12},"end":{"line":15,"column":54}},"9":{"start":{"line":17,"column":25},"end":{"line":17,"column":66}},"10":{"start":{"line":18,"column":8},"end":{"line":20,"column":9}},"11":{"start":{"line":19,"column":12},"end":{"line":19,"column":47}},"12":{"start":{"line":21,"column":8},"end":{"line":21,"column":27}},"13":{"start":{"line":23,"column":8},"end":{"line":23,"column":54}},"14":{"start":{"line":24,"column":8},"end":{"line":24,"column":18}},"15":{"start":{"line":28,"column":16},"end":{"line":43,"column":1}},"16":{"start":{"line":29,"column":4},"end":{"line":42,"column":5}},"17":{"start":{"line":30,"column":25},"end":{"line":36,"column":10}},"18":{"start":{"line":38,"column":8},"end":{"line":38,"column":27}},"19":{"start":{"line":40,"column":8},"end":{"line":40,"column":52}},"20":{"start":{"line":41,"column":8},"end":{"line":41,"column":18}},"21":{"start":{"line":45,"column":19},"end":{"line":71,"column":1}},"22":{"start":{"line":46,"column":4},"end":{"line":70,"column":5}},"23":{"start":{"line":47,"column":8},"end":{"line":49,"column":9}},"24":{"start":{"line":48,"column":12},"end":{"line":48,"column":55}},"25":{"start":{"line":51,"column":19},"end":{"line":51,"column":32}},"26":{"start":{"line":52,"column":21},"end":{"line":52,"column":51}},"27":{"start":{"line":54,"column":8},"end":{"line":56,"column":9}},"28":{"start":{"line":55,"column":12},"end":{"line":55,"column":48}},"29":{"start":{"line":58,"column":25},"end":{"line":64,"column":10}},"30":{"start":{"line":66,"column":8},"end":{"line":66,"column":27}},"31":{"start":{"line":68,"column":8},"end":{"line":68,"column":54}},"32":{"start":{"line":69,"column":8},"end":{"line":69,"column":18}},"33":{"start":{"line":73,"column":19},"end":{"line":84,"column":1}},"34":{"start":{"line":74,"column":4},"end":{"line":83,"column":5}},"35":{"start":{"line":75,"column":8},"end":{"line":77,"column":9}},"36":{"start":{"line":76,"column":12},"end":{"line":76,"column":54}},"37":{"start":{"line":78,"column":25},"end":{"line":78,"column":69}},"38":{"start":{"line":79,"column":8},"end":{"line":79,"column":40}},"39":{"start":{"line":81,"column":8},"end":{"line":81,"column":54}},"40":{"start":{"line":82,"column":8},"end":{"line":82,"column":18}}},"fnMap":{"0":{"name":"(anonymous_0)","decl":{"start":{"line":3,"column":17},"end":{"line":3,"column":18}},"loc":{"start":{"line":3,"column":43},"end":{"line":10,"column":1}},"line":3},"1":{"name":"(anonymous_1)","decl":{"start":{"line":12,"column":16},"end":{"line":12,"column":17}},"loc":{"start":{"line":12,"column":42},"end":{"line":26,"column":1}},"line":12},"2":{"name":"(anonymous_2)","decl":{"start":{"line":28,"column":16},"end":{"line":28,"column":17}},"loc":{"start":{"line":28,"column":42},"end":{"line":43,"column":1}},"line":28},"3":{"name":"(anonymous_3)","decl":{"start":{"line":45,"column":19},"end":{"line":45,"column":20}},"loc":{"start":{"line":45,"column":45},"end":{"line":71,"column":1}},"line":45},"4":{"name":"(anonymous_4)","decl":{"start":{"line":73,"column":19},"end":{"line":73,"column":20}},"loc":{"start":{"line":73,"column":45},"end":{"line":84,"column":1}},"line":73}},"branchMap":{"0":{"loc":{"start":{"line":14,"column":8},"end":{"line":16,"column":9}},"type":"if","locations":[{"start":{"line":14,"column":8},"end":{"line":16,"column":9}},{"start":{},"end":{}}],"line":14},"1":{"loc":{"start":{"line":18,"column":8},"end":{"line":20,"column":9}},"type":"if","locations":[{"start":{"line":18,"column":8},"end":{"line":20,"column":9}},{"start":{},"end":{}}],"line":18},"2":{"loc":{"start":{"line":35,"column":18},"end":{"line":35,"column":39}},"type":"binary-expr","locations":[{"start":{"line":35,"column":18},"end":{"line":35,"column":33}},{"start":{"line":35,"column":37},"end":{"line":35,"column":39}}],"line":35},"3":{"loc":{"start":{"line":47,"column":8},"end":{"line":49,"column":9}},"type":"if","locations":[{"start":{"line":47,"column":8},"end":{"line":49,"column":9}},{"start":{},"end":{}}],"line":47},"4":{"loc":{"start":{"line":54,"column":8},"end":{"line":56,"column":9}},"type":"if","locations":[{"start":{"line":54,"column":8},"end":{"line":56,"column":9}},{"start":{},"end":{}}],"line":54},"5":{"loc":{"start":{"line":59,"column":18},"end":{"line":59,"column":46}},"type":"binary-expr","locations":[{"start":{"line":59,"column":18},"end":{"line":59,"column":33}},{"start":{"line":59,"column":37},"end":{"line":59,"column":46}}],"line":59},"6":{"loc":{"start":{"line":60,"column":21},"end":{"line":60,"column":55}},"type":"binary-expr","locations":[{"start":{"line":60,"column":21},"end":{"line":60,"column":39}},{"start":{"line":60,"column":43},"end":{"line":60,"column":55}}],"line":60},"7":{"loc":{"start":{"line":61,"column":18},"end":{"line":61,"column":46}},"type":"binary-expr","locations":[{"start":{"line":61,"column":18},"end":{"line":61,"column":33}},{"start":{"line":61,"column":37},"end":{"line":61,"column":46}}],"line":61},"8":{"loc":{"start":{"line":62,"column":22},"end":{"line":62,"column":56}},"type":"binary-expr","locations":[{"start":{"line":62,"column":22},"end":{"line":62,"column":39}},{"start":{"line":62,"column":43},"end":{"line":62,"column":56}}],"line":62},"9":{"loc":{"start":{"line":63,"column":18},"end":{"line":63,"column":46}},"type":"binary-expr","locations":[{"start":{"line":63,"column":18},"end":{"line":63,"column":33}},{"start":{"line":63,"column":37},"end":{"line":63,"column":46}}],"line":63},"10":{"loc":{"start":{"line":75,"column":8},"end":{"line":77,"column":9}},"type":"if","locations":[{"start":{"line":75,"column":8},"end":{"line":77,"column":9}},{"start":{},"end":{}}],"line":75}},"s":{"0":1,"1":2,"2":2,"3":1,"4":1,"5":1,"6":2,"7":2,"8":1,"9":1,"10":1,"11":0,"12":1,"13":1,"14":1,"15":1,"16":2,"17":2,"18":1,"19":1,"20":1,"21":1,"22":2,"23":2,"24":1,"25":1,"26":1,"27":1,"28":0,"29":1,"30":1,"31":1,"32":1,"33":1,"34":2,"35":2,"36":1,"37":1,"38":1,"39":1,"40":1},"f":{"0":2,"1":2,"2":2,"3":2,"4":2},"b":{"0":[1,1],"1":[0,1],"2":[1,1],"3":[1,1],"4":[0,1],"5":[1,0],"6":[1,1],"7":[1,1],"8":[1,1],"9":[1,1],"10":[1,1]},"_coverageSchema":"1a1c01bbd47fc00a2c39e90264f33305004495a9","hash":"c26577496d21263b1746adcda401038a2f5e8073"}
,"C:\\Users\\Maciu\\Desktop\\Proiect WishlistApp\\Proiect\\controllers\\itemWishlistControllers.js": {"path":"C:\\Users\\Maciu\\Desktop\\Proiect WishlistApp\\Proiect\\controllers\\itemWishlistControllers.js","statementMap":{"0":{"start":{"line":8,"column":28},"end":{"line":15,"column":1}},"1":{"start":{"line":9,"column":4},"end":{"line":14,"column":5}},"2":{"start":{"line":10,"column":8},"end":{"line":10,"column":54}},"3":{"start":{"line":12,"column":8},"end":{"line":12,"column":59}},"4":{"start":{"line":13,"column":8},"end":{"line":13,"column":18}},"5":{"start":{"line":17,"column":27},"end":{"line":33,"column":1}},"6":{"start":{"line":18,"column":4},"end":{"line":32,"column":5}},"7":{"start":{"line":19,"column":8},"end":{"line":21,"column":9}},"8":{"start":{"line":20,"column":12},"end":{"line":20,"column":54}},"9":{"start":{"line":22,"column":25},"end":{"line":22,"column":85}},"10":{"start":{"line":24,"column":8},"end":{"line":26,"column":9}},"11":{"start":{"line":25,"column":12},"end":{"line":25,"column":54}},"12":{"start":{"line":28,"column":8},"end":{"line":28,"column":27}},"13":{"start":{"line":30,"column":8},"end":{"line":30,"column":58}},"14":{"start":{"line":31,"column":8},"end":{"line":31,"column":18}},"15":{"start":{"line":35,"column":45},"end":{"line":48,"column":1}},"16":{"start":{"line":36,"column":4},"end":{"line":47,"column":5}},"17":{"start":{"line":37,"column":25},"end":{"line":37,"column":130}},"18":{"start":{"line":39,"column":8},"end":{"line":41,"column":9}},"19":{"start":{"line":40,"column":12},"end":{"line":40,"column":51}},"20":{"start":{"line":43,"column":8},"end":{"line":43,"column":27}},"21":{"start":{"line":45,"column":8},"end":{"line":45,"column":58}},"22":{"start":{"line":46,"column":8},"end":{"line":46,"column":18}},"23":{"start":{"line":50,"column":27},"end":{"line":110,"column":1}},"24":{"start":{"line":51,"column":4},"end":{"line":109,"column":5}},"25":{"start":{"line":52,"column":21},"end":{"line":52,"column":64}},"26":{"start":{"line":53,"column":8},"end":{"line":55,"column":9}},"27":{"start":{"line":54,"column":12},"end":{"line":54,"column":47}},"28":{"start":{"line":57,"column":8},"end":{"line":104,"column":9}},"29":{"start":{"line":58,"column":29},"end":{"line":58,"column":88}},"30":{"start":{"line":59,"column":12},"end":{"line":61,"column":13}},"31":{"start":{"line":60,"column":16},"end":{"line":60,"column":55}},"32":{"start":{"line":63,"column":29},"end":{"line":74,"column":14}},"33":{"start":{"line":76,"column":12},"end":{"line":76,"column":31}},"34":{"start":{"line":79,"column":32},"end":{"line":79,"column":51}},"35":{"start":{"line":80,"column":29},"end":{"line":80,"column":31}},"36":{"start":{"line":82,"column":12},"end":{"line":102,"column":13}},"37":{"start":{"line":84,"column":31},"end":{"line":84,"column":81}},"38":{"start":{"line":85,"column":16},"end":{"line":87,"column":17}},"39":{"start":{"line":86,"column":20},"end":{"line":86,"column":59}},"40":{"start":{"line":89,"column":27},"end":{"line":100,"column":18}},"41":{"start":{"line":101,"column":16},"end":{"line":101,"column":36}},"42":{"start":{"line":103,"column":12},"end":{"line":103,"column":31}},"43":{"start":{"line":107,"column":8},"end":{"line":107,"column":57}},"44":{"start":{"line":108,"column":8},"end":{"line":108,"column":18}},"45":{"start":{"line":112,"column":30},"end":{"line":209,"column":1}},"46":{"start":{"line":113,"column":4},"end":{"line":208,"column":5}},"47":{"start":{"line":114,"column":8},"end":{"line":116,"column":9}},"48":{"start":{"line":115,"column":12},"end":{"line":115,"column":54}},"49":{"start":{"line":118,"column":32},"end":{"line":118,"column":92}},"50":{"start":{"line":120,"column":8},"end":{"line":122,"column":9}},"51":{"start":{"line":121,"column":12},"end":{"line":121,"column":56}},"52":{"start":{"line":124,"column":31},"end":{"line":124,"column":33}},"53":{"start":{"line":125,"column":8},"end":{"line":177,"column":9}},"54":{"start":{"line":126,"column":12},"end":{"line":126,"column":56}},"55":{"start":{"line":127,"column":12},"end":{"line":176,"column":13}},"56":{"start":{"line":128,"column":16},"end":{"line":175,"column":17}},"57":{"start":{"line":129,"column":20},"end":{"line":131,"column":21}},"58":{"start":{"line":130,"column":24},"end":{"line":130,"column":70}},"59":{"start":{"line":133,"column":35},"end":{"line":133,"column":50}},"60":{"start":{"line":134,"column":44},"end":{"line":134,"column":46}},"61":{"start":{"line":135,"column":20},"end":{"line":137,"column":21}},"62":{"start":{"line":136,"column":24},"end":{"line":136,"column":60}},"63":{"start":{"line":139,"column":20},"end":{"line":163,"column":21}},"64":{"start":{"line":140,"column":24},"end":{"line":142,"column":25}},"65":{"start":{"line":141,"column":28},"end":{"line":141,"column":73}},"66":{"start":{"line":144,"column":35},"end":{"line":144,"column":73}},"67":{"start":{"line":145,"column":24},"end":{"line":147,"column":25}},"68":{"start":{"line":146,"column":28},"end":{"line":146,"column":63}},"69":{"start":{"line":149,"column":24},"end":{"line":149,"column":62}},"70":{"start":{"line":151,"column":24},"end":{"line":162,"column":26}},"71":{"start":{"line":165,"column":20},"end":{"line":173,"column":22}},"72":{"start":{"line":179,"column":8},"end":{"line":190,"column":9}},"73":{"start":{"line":180,"column":32},"end":{"line":180,"column":91}},"74":{"start":{"line":181,"column":12},"end":{"line":183,"column":13}},"75":{"start":{"line":182,"column":16},"end":{"line":182,"column":55}},"76":{"start":{"line":185,"column":12},"end":{"line":189,"column":13}},"77":{"start":{"line":192,"column":8},"end":{"line":202,"column":9}},"78":{"start":{"line":193,"column":28},"end":{"line":193,"column":71}},"79":{"start":{"line":194,"column":12},"end":{"line":196,"column":13}},"80":{"start":{"line":195,"column":16},"end":{"line":195,"column":51}},"81":{"start":{"line":197,"column":12},"end":{"line":201,"column":13}},"82":{"start":{"line":203,"column":25},"end":{"line":203,"column":104}},"83":{"start":{"line":204,"column":8},"end":{"line":204,"column":27}},"84":{"start":{"line":206,"column":8},"end":{"line":206,"column":59}},"85":{"start":{"line":207,"column":8},"end":{"line":207,"column":18}},"86":{"start":{"line":211,"column":30},"end":{"line":222,"column":1}},"87":{"start":{"line":212,"column":4},"end":{"line":221,"column":5}},"88":{"start":{"line":213,"column":8},"end":{"line":215,"column":9}},"89":{"start":{"line":214,"column":12},"end":{"line":214,"column":54}},"90":{"start":{"line":216,"column":25},"end":{"line":216,"column":88}},"91":{"start":{"line":217,"column":8},"end":{"line":217,"column":40}},"92":{"start":{"line":219,"column":8},"end":{"line":219,"column":59}},"93":{"start":{"line":220,"column":8},"end":{"line":220,"column":18}}},"fnMap":{"0":{"name":"(anonymous_0)","decl":{"start":{"line":8,"column":28},"end":{"line":8,"column":29}},"loc":{"start":{"line":8,"column":54},"end":{"line":15,"column":1}},"line":8},"1":{"name":"(anonymous_1)","decl":{"start":{"line":17,"column":27},"end":{"line":17,"column":28}},"loc":{"start":{"line":17,"column":53},"end":{"line":33,"column":1}},"line":17},"2":{"name":"(anonymous_2)","decl":{"start":{"line":35,"column":45},"end":{"line":35,"column":46}},"loc":{"start":{"line":35,"column":71},"end":{"line":48,"column":1}},"line":35},"3":{"name":"(anonymous_3)","decl":{"start":{"line":50,"column":27},"end":{"line":50,"column":28}},"loc":{"start":{"line":50,"column":53},"end":{"line":110,"column":1}},"line":50},"4":{"name":"(anonymous_4)","decl":{"start":{"line":112,"column":30},"end":{"line":112,"column":31}},"loc":{"start":{"line":112,"column":56},"end":{"line":209,"column":1}},"line":112},"5":{"name":"(anonymous_5)","decl":{"start":{"line":211,"column":30},"end":{"line":211,"column":31}},"loc":{"start":{"line":211,"column":56},"end":{"line":222,"column":1}},"line":211}},"branchMap":{"0":{"loc":{"start":{"line":19,"column":8},"end":{"line":21,"column":9}},"type":"if","locations":[{"start":{"line":19,"column":8},"end":{"line":21,"column":9}},{"start":{},"end":{}}],"line":19},"1":{"loc":{"start":{"line":24,"column":8},"end":{"line":26,"column":9}},"type":"if","locations":[{"start":{"line":24,"column":8},"end":{"line":26,"column":9}},{"start":{},"end":{}}],"line":24},"2":{"loc":{"start":{"line":39,"column":8},"end":{"line":41,"column":9}},"type":"if","locations":[{"start":{"line":39,"column":8},"end":{"line":41,"column":9}},{"start":{},"end":{}}],"line":39},"3":{"loc":{"start":{"line":53,"column":8},"end":{"line":55,"column":9}},"type":"if","locations":[{"start":{"line":53,"column":8},"end":{"line":55,"column":9}},{"start":{},"end":{}}],"line":53},"4":{"loc":{"start":{"line":57,"column":8},"end":{"line":104,"column":9}},"type":"if","locations":[{"start":{"line":57,"column":8},"end":{"line":104,"column":9}},{"start":{"line":77,"column":15},"end":{"line":104,"column":9}}],"line":57},"5":{"loc":{"start":{"line":59,"column":12},"end":{"line":61,"column":13}},"type":"if","locations":[{"start":{"line":59,"column":12},"end":{"line":61,"column":13}},{"start":{},"end":{}}],"line":59},"6":{"loc":{"start":{"line":85,"column":16},"end":{"line":87,"column":17}},"type":"if","locations":[{"start":{"line":85,"column":16},"end":{"line":87,"column":17}},{"start":{},"end":{}}],"line":85},"7":{"loc":{"start":{"line":114,"column":8},"end":{"line":116,"column":9}},"type":"if","locations":[{"start":{"line":114,"column":8},"end":{"line":116,"column":9}},{"start":{},"end":{}}],"line":114},"8":{"loc":{"start":{"line":120,"column":8},"end":{"line":122,"column":9}},"type":"if","locations":[{"start":{"line":120,"column":8},"end":{"line":122,"column":9}},{"start":{},"end":{}}],"line":120},"9":{"loc":{"start":{"line":125,"column":8},"end":{"line":177,"column":9}},"type":"if","locations":[{"start":{"line":125,"column":8},"end":{"line":177,"column":9}},{"start":{},"end":{}}],"line":125},"10":{"loc":{"start":{"line":125,"column":12},"end":{"line":125,"column":73}},"type":"binary-expr","locations":[{"start":{"line":125,"column":12},"end":{"line":125,"column":40}},{"start":{"line":125,"column":44},"end":{"line":125,"column":73}}],"line":125},"11":{"loc":{"start":{"line":127,"column":12},"end":{"line":176,"column":13}},"type":"if","locations":[{"start":{"line":127,"column":12},"end":{"line":176,"column":13}},{"start":{},"end":{}}],"line":127},"12":{"loc":{"start":{"line":128,"column":16},"end":{"line":175,"column":17}},"type":"if","locations":[{"start":{"line":128,"column":16},"end":{"line":175,"column":17}},{"start":{},"end":{}}],"line":128},"13":{"loc":{"start":{"line":129,"column":20},"end":{"line":131,"column":21}},"type":"if","locations":[{"start":{"line":129,"column":20},"end":{"line":131,"column":21}},{"start":{},"end":{}}],"line":129},"14":{"loc":{"start":{"line":135,"column":20},"end":{"line":137,"column":21}},"type":"if","locations":[{"start":{"line":135,"column":20},"end":{"line":137,"column":21}},{"start":{},"end":{}}],"line":135},"15":{"loc":{"start":{"line":140,"column":24},"end":{"line":142,"column":25}},"type":"if","locations":[{"start":{"line":140,"column":24},"end":{"line":142,"column":25}},{"start":{},"end":{}}],"line":140},"16":{"loc":{"start":{"line":145,"column":24},"end":{"line":147,"column":25}},"type":"if","locations":[{"start":{"line":145,"column":24},"end":{"line":147,"column":25}},{"start":{},"end":{}}],"line":145},"17":{"loc":{"start":{"line":179,"column":8},"end":{"line":190,"column":9}},"type":"if","locations":[{"start":{"line":179,"column":8},"end":{"line":190,"column":9}},{"start":{},"end":{}}],"line":179},"18":{"loc":{"start":{"line":181,"column":12},"end":{"line":183,"column":13}},"type":"if","locations":[{"start":{"line":181,"column":12},"end":{"line":183,"column":13}},{"start":{},"end":{}}],"line":181},"19":{"loc":{"start":{"line":192,"column":8},"end":{"line":202,"column":9}},"type":"if","locations":[{"start":{"line":192,"column":8},"end":{"line":202,"column":9}},{"start":{},"end":{}}],"line":192},"20":{"loc":{"start":{"line":194,"column":12},"end":{"line":196,"column":13}},"type":"if","locations":[{"start":{"line":194,"column":12},"end":{"line":196,"column":13}},{"start":{},"end":{}}],"line":194},"21":{"loc":{"start":{"line":213,"column":8},"end":{"line":215,"column":9}},"type":"if","locations":[{"start":{"line":213,"column":8},"end":{"line":215,"column":9}},{"start":{},"end":{}}],"line":213}},"s":{"0":1,"1":2,"2":2,"3":1,"4":1,"5":1,"6":0,"7":0,"8":0,"9":0,"10":0,"11":0,"12":0,"13":0,"14":0,"15":1,"16":0,"17":0,"18":0,"19":0,"20":0,"21":0,"22":0,"23":1,"24":0,"25":0,"26":0,"27":0,"28":0,"29":0,"30":0,"31":0,"32":0,"33":0,"34":0,"35":0,"36":0,"37":0,"38":0,"39":0,"40":0,"41":0,"42":0,"43":0,"44":0,"45":1,"46":0,"47":0,"48":0,"49":0,"50":0,"51":0,"52":0,"53":0,"54":0,"55":0,"56":0,"57":0,"58":0,"59":0,"60":0,"61":0,"62":0,"63":0,"64":0,"65":0,"66":0,"67":0,"68":0,"69":0,"70":0,"71":0,"72":0,"73":0,"74":0,"75":0,"76":0,"77":0,"78":0,"79":0,"80":0,"81":0,"82":0,"83":0,"84":0,"85":0,"86":1,"87":0,"88":0,"89":0,"90":0,"91":0,"92":0,"93":0},"f":{"0":2,"1":0,"2":0,"3":0,"4":0,"5":0},"b":{"0":[0,0],"1":[0,0],"2":[0,0],"3":[0,0],"4":[0,0],"5":[0,0],"6":[0,0],"7":[0,0],"8":[0,0],"9":[0,0],"10":[0,0],"11":[0,0],"12":[0,0],"13":[0,0],"14":[0,0],"15":[0,0],"16":[0,0],"17":[0,0],"18":[0,0],"19":[0,0],"20":[0,0],"21":[0,0]},"_coverageSchema":"1a1c01bbd47fc00a2c39e90264f33305004495a9","hash":"e43269896d9e39d6fdcddd646a4093c9ffb39566"}
,"C:\\Users\\Maciu\\Desktop\\Proiect WishlistApp\\Proiect\\controllers\\notificationControllers.js": {"path":"C:\\Users\\Maciu\\Desktop\\Proiect WishlistApp\\Proiect\\controllers\\notificationControllers.js","statementMap":{"0":{"start":{"line":4,"column":25},"end":{"line":11,"column":1}},"1":{"start":{"line":5,"column":4},"end":{"line":10,"column":5}},"2":{"start":{"line":6,"column":8},"end":{"line":6,"column":54}},"3":{"start":{"line":8,"column":8},"end":{"line":8,"column":63}},"4":{"start":{"line":9,"column":8},"end":{"line":9,"column":18}},"5":{"start":{"line":13,"column":31},"end":{"line":20,"column":1}},"6":{"start":{"line":14,"column":4},"end":{"line":19,"column":5}},"7":{"start":{"line":15,"column":8},"end":{"line":15,"column":70}},"8":{"start":{"line":17,"column":8},"end":{"line":17,"column":80}},"9":{"start":{"line":18,"column":8},"end":{"line":18,"column":18}},"10":{"start":{"line":22,"column":24},"end":{"line":36,"column":1}},"11":{"start":{"line":23,"column":4},"end":{"line":35,"column":5}},"12":{"start":{"line":24,"column":8},"end":{"line":26,"column":9}},"13":{"start":{"line":25,"column":12},"end":{"line":25,"column":54}},"14":{"start":{"line":27,"column":25},"end":{"line":27,"column":82}},"15":{"start":{"line":28,"column":8},"end":{"line":30,"column":9}},"16":{"start":{"line":29,"column":12},"end":{"line":29,"column":55}},"17":{"start":{"line":31,"column":8},"end":{"line":31,"column":27}},"18":{"start":{"line":33,"column":8},"end":{"line":33,"column":62}},"19":{"start":{"line":34,"column":8},"end":{"line":34,"column":18}},"20":{"start":{"line":38,"column":24},"end":{"line":65,"column":1}},"21":{"start":{"line":39,"column":4},"end":{"line":64,"column":5}},"22":{"start":{"line":40,"column":21},"end":{"line":40,"column":66}},"23":{"start":{"line":41,"column":8},"end":{"line":43,"column":9}},"24":{"start":{"line":42,"column":12},"end":{"line":42,"column":46}},"25":{"start":{"line":45,"column":25},"end":{"line":45,"column":42}},"26":{"start":{"line":46,"column":8},"end":{"line":48,"column":9}},"27":{"start":{"line":47,"column":12},"end":{"line":47,"column":57}},"28":{"start":{"line":50,"column":25},"end":{"line":58,"column":10}},"29":{"start":{"line":60,"column":8},"end":{"line":60,"column":27}},"30":{"start":{"line":62,"column":8},"end":{"line":62,"column":61}},"31":{"start":{"line":63,"column":8},"end":{"line":63,"column":18}},"32":{"start":{"line":68,"column":27},"end":{"line":90,"column":1}},"33":{"start":{"line":69,"column":4},"end":{"line":89,"column":5}},"34":{"start":{"line":70,"column":8},"end":{"line":72,"column":9}},"35":{"start":{"line":71,"column":12},"end":{"line":71,"column":54}},"36":{"start":{"line":73,"column":29},"end":{"line":73,"column":86}},"37":{"start":{"line":74,"column":8},"end":{"line":76,"column":9}},"38":{"start":{"line":75,"column":12},"end":{"line":75,"column":55}},"39":{"start":{"line":78,"column":31},"end":{"line":78,"column":33}},"40":{"start":{"line":80,"column":8},"end":{"line":82,"column":9}},"41":{"start":{"line":81,"column":12},"end":{"line":81,"column":55}},"42":{"start":{"line":84,"column":25},"end":{"line":84,"column":101}},"43":{"start":{"line":85,"column":8},"end":{"line":85,"column":27}},"44":{"start":{"line":87,"column":8},"end":{"line":87,"column":63}},"45":{"start":{"line":88,"column":8},"end":{"line":88,"column":18}},"46":{"start":{"line":92,"column":27},"end":{"line":103,"column":1}},"47":{"start":{"line":93,"column":4},"end":{"line":102,"column":5}},"48":{"start":{"line":94,"column":8},"end":{"line":96,"column":9}},"49":{"start":{"line":95,"column":12},"end":{"line":95,"column":54}},"50":{"start":{"line":97,"column":25},"end":{"line":97,"column":85}},"51":{"start":{"line":98,"column":8},"end":{"line":98,"column":40}},"52":{"start":{"line":100,"column":8},"end":{"line":100,"column":62}},"53":{"start":{"line":101,"column":8},"end":{"line":101,"column":18}}},"fnMap":{"0":{"name":"(anonymous_0)","decl":{"start":{"line":4,"column":25},"end":{"line":4,"column":26}},"loc":{"start":{"line":4,"column":51},"end":{"line":11,"column":1}},"line":4},"1":{"name":"(anonymous_1)","decl":{"start":{"line":13,"column":31},"end":{"line":13,"column":32}},"loc":{"start":{"line":13,"column":57},"end":{"line":20,"column":1}},"line":13},"2":{"name":"(anonymous_2)","decl":{"start":{"line":22,"column":24},"end":{"line":22,"column":25}},"loc":{"start":{"line":22,"column":50},"end":{"line":36,"column":1}},"line":22},"3":{"name":"(anonymous_3)","decl":{"start":{"line":38,"column":24},"end":{"line":38,"column":25}},"loc":{"start":{"line":38,"column":50},"end":{"line":65,"column":1}},"line":38},"4":{"name":"(anonymous_4)","decl":{"start":{"line":68,"column":27},"end":{"line":68,"column":28}},"loc":{"start":{"line":68,"column":53},"end":{"line":90,"column":1}},"line":68},"5":{"name":"(anonymous_5)","decl":{"start":{"line":92,"column":27},"end":{"line":92,"column":28}},"loc":{"start":{"line":92,"column":53},"end":{"line":103,"column":1}},"line":92}},"branchMap":{"0":{"loc":{"start":{"line":24,"column":8},"end":{"line":26,"column":9}},"type":"if","locations":[{"start":{"line":24,"column":8},"end":{"line":26,"column":9}},{"start":{},"end":{}}],"line":24},"1":{"loc":{"start":{"line":28,"column":8},"end":{"line":30,"column":9}},"type":"if","locations":[{"start":{"line":28,"column":8},"end":{"line":30,"column":9}},{"start":{},"end":{}}],"line":28},"2":{"loc":{"start":{"line":41,"column":8},"end":{"line":43,"column":9}},"type":"if","locations":[{"start":{"line":41,"column":8},"end":{"line":43,"column":9}},{"start":{},"end":{}}],"line":41},"3":{"loc":{"start":{"line":46,"column":8},"end":{"line":48,"column":9}},"type":"if","locations":[{"start":{"line":46,"column":8},"end":{"line":48,"column":9}},{"start":{},"end":{}}],"line":46},"4":{"loc":{"start":{"line":46,"column":14},"end":{"line":46,"column":81}},"type":"binary-expr","locations":[{"start":{"line":46,"column":14},"end":{"line":46,"column":34}},{"start":{"line":46,"column":38},"end":{"line":46,"column":57}},{"start":{"line":46,"column":61},"end":{"line":46,"column":81}}],"line":46},"5":{"loc":{"start":{"line":70,"column":8},"end":{"line":72,"column":9}},"type":"if","locations":[{"start":{"line":70,"column":8},"end":{"line":72,"column":9}},{"start":{},"end":{}}],"line":70},"6":{"loc":{"start":{"line":74,"column":8},"end":{"line":76,"column":9}},"type":"if","locations":[{"start":{"line":74,"column":8},"end":{"line":76,"column":9}},{"start":{},"end":{}}],"line":74},"7":{"loc":{"start":{"line":80,"column":8},"end":{"line":82,"column":9}},"type":"if","locations":[{"start":{"line":80,"column":8},"end":{"line":82,"column":9}},{"start":{},"end":{}}],"line":80},"8":{"loc":{"start":{"line":80,"column":12},"end":{"line":80,"column":73}},"type":"binary-expr","locations":[{"start":{"line":80,"column":12},"end":{"line":80,"column":40}},{"start":{"line":80,"column":44},"end":{"line":80,"column":73}}],"line":80},"9":{"loc":{"start":{"line":94,"column":8},"end":{"line":96,"column":9}},"type":"if","locations":[{"start":{"line":94,"column":8},"end":{"line":96,"column":9}},{"start":{},"end":{}}],"line":94}},"s":{"0":1,"1":2,"2":2,"3":1,"4":1,"5":1,"6":0,"7":0,"8":0,"9":0,"10":1,"11":0,"12":0,"13":0,"14":0,"15":0,"16":0,"17":0,"18":0,"19":0,"20":1,"21":0,"22":0,"23":0,"24":0,"25":0,"26":0,"27":0,"28":0,"29":0,"30":0,"31":0,"32":1,"33":0,"34":0,"35":0,"36":0,"37":0,"38":0,"39":0,"40":0,"41":0,"42":0,"43":0,"44":0,"45":0,"46":1,"47":0,"48":0,"49":0,"50":0,"51":0,"52":0,"53":0},"f":{"0":2,"1":0,"2":0,"3":0,"4":0,"5":0},"b":{"0":[0,0],"1":[0,0],"2":[0,0],"3":[0,0],"4":[0,0,0],"5":[0,0],"6":[0,0],"7":[0,0],"8":[0,0],"9":[0,0]},"_coverageSchema":"1a1c01bbd47fc00a2c39e90264f33305004495a9","hash":"365d07cb1e2f71160ce1a81e7fc79052fb7d229a"}
,"C:\\Users\\Maciu\\Desktop\\Proiect WishlistApp\\Proiect\\controllers\\purchaseControllers.js": {"path":"C:\\Users\\Maciu\\Desktop\\Proiect WishlistApp\\Proiect\\controllers\\purchaseControllers.js","statementMap":{"0":{"start":{"line":5,"column":21},"end":{"line":12,"column":1}},"1":{"start":{"line":6,"column":4},"end":{"line":11,"column":5}},"2":{"start":{"line":7,"column":8},"end":{"line":7,"column":50}},"3":{"start":{"line":9,"column":8},"end":{"line":9,"column":59}},"4":{"start":{"line":10,"column":8},"end":{"line":10,"column":18}},"5":{"start":{"line":14,"column":25},"end":{"line":28,"column":1}},"6":{"start":{"line":15,"column":4},"end":{"line":27,"column":5}},"7":{"start":{"line":16,"column":8},"end":{"line":18,"column":9}},"8":{"start":{"line":17,"column":12},"end":{"line":17,"column":54}},"9":{"start":{"line":19,"column":25},"end":{"line":19,"column":80}},"10":{"start":{"line":20,"column":8},"end":{"line":22,"column":9}},"11":{"start":{"line":21,"column":12},"end":{"line":21,"column":52}},"12":{"start":{"line":23,"column":8},"end":{"line":23,"column":27}},"13":{"start":{"line":25,"column":8},"end":{"line":25,"column":58}},"14":{"start":{"line":26,"column":8},"end":{"line":26,"column":18}},"15":{"start":{"line":30,"column":29},"end":{"line":44,"column":1}},"16":{"start":{"line":31,"column":4},"end":{"line":43,"column":5}},"17":{"start":{"line":32,"column":8},"end":{"line":34,"column":9}},"18":{"start":{"line":33,"column":12},"end":{"line":33,"column":54}},"19":{"start":{"line":35,"column":25},"end":{"line":35,"column":85}},"20":{"start":{"line":36,"column":8},"end":{"line":38,"column":9}},"21":{"start":{"line":37,"column":12},"end":{"line":37,"column":52}},"22":{"start":{"line":39,"column":8},"end":{"line":39,"column":27}},"23":{"start":{"line":41,"column":8},"end":{"line":41,"column":58}},"24":{"start":{"line":42,"column":8},"end":{"line":42,"column":18}},"25":{"start":{"line":46,"column":20},"end":{"line":60,"column":1}},"26":{"start":{"line":47,"column":4},"end":{"line":59,"column":5}},"27":{"start":{"line":48,"column":8},"end":{"line":50,"column":9}},"28":{"start":{"line":49,"column":12},"end":{"line":49,"column":54}},"29":{"start":{"line":51,"column":25},"end":{"line":51,"column":74}},"30":{"start":{"line":52,"column":8},"end":{"line":54,"column":9}},"31":{"start":{"line":53,"column":12},"end":{"line":53,"column":51}},"32":{"start":{"line":55,"column":8},"end":{"line":55,"column":27}},"33":{"start":{"line":57,"column":8},"end":{"line":57,"column":58}},"34":{"start":{"line":58,"column":8},"end":{"line":58,"column":18}},"35":{"start":{"line":62,"column":20},"end":{"line":92,"column":1}},"36":{"start":{"line":63,"column":4},"end":{"line":91,"column":5}},"37":{"start":{"line":64,"column":21},"end":{"line":64,"column":72}},"38":{"start":{"line":65,"column":8},"end":{"line":67,"column":9}},"39":{"start":{"line":66,"column":12},"end":{"line":66,"column":47}},"40":{"start":{"line":69,"column":29},"end":{"line":69,"column":99}},"41":{"start":{"line":70,"column":8},"end":{"line":72,"column":9}},"42":{"start":{"line":71,"column":12},"end":{"line":71,"column":55}},"43":{"start":{"line":74,"column":25},"end":{"line":85,"column":10}},"44":{"start":{"line":87,"column":8},"end":{"line":87,"column":27}},"45":{"start":{"line":89,"column":8},"end":{"line":89,"column":57}},"46":{"start":{"line":90,"column":8},"end":{"line":90,"column":18}},"47":{"start":{"line":94,"column":23},"end":{"line":139,"column":1}},"48":{"start":{"line":95,"column":4},"end":{"line":138,"column":5}},"49":{"start":{"line":96,"column":8},"end":{"line":98,"column":9}},"50":{"start":{"line":97,"column":12},"end":{"line":97,"column":54}},"51":{"start":{"line":100,"column":25},"end":{"line":100,"column":74}},"52":{"start":{"line":102,"column":8},"end":{"line":104,"column":9}},"53":{"start":{"line":103,"column":12},"end":{"line":103,"column":52}},"54":{"start":{"line":106,"column":31},"end":{"line":106,"column":33}},"55":{"start":{"line":108,"column":8},"end":{"line":119,"column":9}},"56":{"start":{"line":109,"column":28},"end":{"line":109,"column":79}},"57":{"start":{"line":110,"column":12},"end":{"line":112,"column":13}},"58":{"start":{"line":111,"column":16},"end":{"line":111,"column":51}},"59":{"start":{"line":114,"column":12},"end":{"line":118,"column":13}},"60":{"start":{"line":121,"column":8},"end":{"line":132,"column":9}},"61":{"start":{"line":122,"column":36},"end":{"line":122,"column":106}},"62":{"start":{"line":123,"column":12},"end":{"line":125,"column":13}},"63":{"start":{"line":124,"column":16},"end":{"line":124,"column":59}},"64":{"start":{"line":127,"column":12},"end":{"line":131,"column":13}},"65":{"start":{"line":133,"column":25},"end":{"line":133,"column":93}},"66":{"start":{"line":134,"column":8},"end":{"line":134,"column":27}},"67":{"start":{"line":136,"column":8},"end":{"line":136,"column":59}},"68":{"start":{"line":137,"column":8},"end":{"line":137,"column":18}},"69":{"start":{"line":142,"column":23},"end":{"line":153,"column":1}},"70":{"start":{"line":143,"column":4},"end":{"line":152,"column":5}},"71":{"start":{"line":144,"column":8},"end":{"line":146,"column":9}},"72":{"start":{"line":145,"column":12},"end":{"line":145,"column":54}},"73":{"start":{"line":147,"column":25},"end":{"line":147,"column":77}},"74":{"start":{"line":148,"column":8},"end":{"line":148,"column":40}},"75":{"start":{"line":150,"column":8},"end":{"line":150,"column":59}},"76":{"start":{"line":151,"column":8},"end":{"line":151,"column":18}}},"fnMap":{"0":{"name":"(anonymous_0)","decl":{"start":{"line":5,"column":21},"end":{"line":5,"column":22}},"loc":{"start":{"line":5,"column":47},"end":{"line":12,"column":1}},"line":5},"1":{"name":"(anonymous_1)","decl":{"start":{"line":14,"column":25},"end":{"line":14,"column":26}},"loc":{"start":{"line":14,"column":51},"end":{"line":28,"column":1}},"line":14},"2":{"name":"(anonymous_2)","decl":{"start":{"line":30,"column":29},"end":{"line":30,"column":30}},"loc":{"start":{"line":30,"column":55},"end":{"line":44,"column":1}},"line":30},"3":{"name":"(anonymous_3)","decl":{"start":{"line":46,"column":20},"end":{"line":46,"column":21}},"loc":{"start":{"line":46,"column":46},"end":{"line":60,"column":1}},"line":46},"4":{"name":"(anonymous_4)","decl":{"start":{"line":62,"column":20},"end":{"line":62,"column":21}},"loc":{"start":{"line":62,"column":46},"end":{"line":92,"column":1}},"line":62},"5":{"name":"(anonymous_5)","decl":{"start":{"line":94,"column":23},"end":{"line":94,"column":24}},"loc":{"start":{"line":94,"column":49},"end":{"line":139,"column":1}},"line":94},"6":{"name":"(anonymous_6)","decl":{"start":{"line":142,"column":23},"end":{"line":142,"column":24}},"loc":{"start":{"line":142,"column":49},"end":{"line":153,"column":1}},"line":142}},"branchMap":{"0":{"loc":{"start":{"line":16,"column":8},"end":{"line":18,"column":9}},"type":"if","locations":[{"start":{"line":16,"column":8},"end":{"line":18,"column":9}},{"start":{},"end":{}}],"line":16},"1":{"loc":{"start":{"line":20,"column":8},"end":{"line":22,"column":9}},"type":"if","locations":[{"start":{"line":20,"column":8},"end":{"line":22,"column":9}},{"start":{},"end":{}}],"line":20},"2":{"loc":{"start":{"line":32,"column":8},"end":{"line":34,"column":9}},"type":"if","locations":[{"start":{"line":32,"column":8},"end":{"line":34,"column":9}},{"start":{},"end":{}}],"line":32},"3":{"loc":{"start":{"line":36,"column":8},"end":{"line":38,"column":9}},"type":"if","locations":[{"start":{"line":36,"column":8},"end":{"line":38,"column":9}},{"start":{},"end":{}}],"line":36},"4":{"loc":{"start":{"line":48,"column":8},"end":{"line":50,"column":9}},"type":"if","locations":[{"start":{"line":48,"column":8},"end":{"line":50,"column":9}},{"start":{},"end":{}}],"line":48},"5":{"loc":{"start":{"line":52,"column":8},"end":{"line":54,"column":9}},"type":"if","locations":[{"start":{"line":52,"column":8},"end":{"line":54,"column":9}},{"start":{},"end":{}}],"line":52},"6":{"loc":{"start":{"line":65,"column":8},"end":{"line":67,"column":9}},"type":"if","locations":[{"start":{"line":65,"column":8},"end":{"line":67,"column":9}},{"start":{},"end":{}}],"line":65},"7":{"loc":{"start":{"line":70,"column":8},"end":{"line":72,"column":9}},"type":"if","locations":[{"start":{"line":70,"column":8},"end":{"line":72,"column":9}},{"start":{},"end":{}}],"line":70},"8":{"loc":{"start":{"line":96,"column":8},"end":{"line":98,"column":9}},"type":"if","locations":[{"start":{"line":96,"column":8},"end":{"line":98,"column":9}},{"start":{},"end":{}}],"line":96},"9":{"loc":{"start":{"line":102,"column":8},"end":{"line":104,"column":9}},"type":"if","locations":[{"start":{"line":102,"column":8},"end":{"line":104,"column":9}},{"start":{},"end":{}}],"line":102},"10":{"loc":{"start":{"line":108,"column":8},"end":{"line":119,"column":9}},"type":"if","locations":[{"start":{"line":108,"column":8},"end":{"line":119,"column":9}},{"start":{},"end":{}}],"line":108},"11":{"loc":{"start":{"line":110,"column":12},"end":{"line":112,"column":13}},"type":"if","locations":[{"start":{"line":110,"column":12},"end":{"line":112,"column":13}},{"start":{},"end":{}}],"line":110},"12":{"loc":{"start":{"line":121,"column":8},"end":{"line":132,"column":9}},"type":"if","locations":[{"start":{"line":121,"column":8},"end":{"line":132,"column":9}},{"start":{},"end":{}}],"line":121},"13":{"loc":{"start":{"line":123,"column":12},"end":{"line":125,"column":13}},"type":"if","locations":[{"start":{"line":123,"column":12},"end":{"line":125,"column":13}},{"start":{},"end":{}}],"line":123},"14":{"loc":{"start":{"line":144,"column":8},"end":{"line":146,"column":9}},"type":"if","locations":[{"start":{"line":144,"column":8},"end":{"line":146,"column":9}},{"start":{},"end":{}}],"line":144}},"s":{"0":1,"1":2,"2":2,"3":1,"4":1,"5":1,"6":0,"7":0,"8":0,"9":0,"10":0,"11":0,"12":0,"13":0,"14":0,"15":1,"16":0,"17":0,"18":0,"19":0,"20":0,"21":0,"22":0,"23":0,"24":0,"25":1,"26":0,"27":0,"28":0,"29":0,"30":0,"31":0,"32":0,"33":0,"34":0,"35":1,"36":0,"37":0,"38":0,"39":0,"40":0,"41":0,"42":0,"43":0,"44":0,"45":0,"46":0,"47":1,"48":0,"49":0,"50":0,"51":0,"52":0,"53":0,"54":0,"55":0,"56":0,"57":0,"58":0,"59":0,"60":0,"61":0,"62":0,"63":0,"64":0,"65":0,"66":0,"67":0,"68":0,"69":1,"70":0,"71":0,"72":0,"73":0,"74":0,"75":0,"76":0},"f":{"0":2,"1":0,"2":0,"3":0,"4":0,"5":0,"6":0},"b":{"0":[0,0],"1":[0,0],"2":[0,0],"3":[0,0],"4":[0,0],"5":[0,0],"6":[0,0],"7":[0,0],"8":[0,0],"9":[0,0],"10":[0,0],"11":[0,0],"12":[0,0],"13":[0,0],"14":[0,0]},"_coverageSchema":"1a1c01bbd47fc00a2c39e90264f33305004495a9","hash":"7ab09c248a83afa47ae539cb0a6af21bbad9dd77"}
,"C:\\Users\\Maciu\\Desktop\\Proiect WishlistApp\\Proiect\\controllers\\userAddressController.js": {"path":"C:\\Users\\Maciu\\Desktop\\Proiect WishlistApp\\Proiect\\controllers\\userAddressController.js","statementMap":{"0":{"start":{"line":3,"column":21},"end":{"line":10,"column":1}},"1":{"start":{"line":4,"column":4},"end":{"line":9,"column":5}},"2":{"start":{"line":5,"column":8},"end":{"line":5,"column":53}},"3":{"start":{"line":7,"column":8},"end":{"line":7,"column":59}},"4":{"start":{"line":8,"column":8},"end":{"line":8,"column":18}},"5":{"start":{"line":12,"column":19},"end":{"line":29,"column":1}},"6":{"start":{"line":13,"column":4},"end":{"line":28,"column":5}},"7":{"start":{"line":14,"column":8},"end":{"line":16,"column":9}},"8":{"start":{"line":15,"column":12},"end":{"line":15,"column":54}},"9":{"start":{"line":18,"column":25},"end":{"line":18,"column":76}},"10":{"start":{"line":20,"column":8},"end":{"line":22,"column":9}},"11":{"start":{"line":21,"column":12},"end":{"line":21,"column":50}},"12":{"start":{"line":24,"column":8},"end":{"line":24,"column":27}},"13":{"start":{"line":26,"column":8},"end":{"line":26,"column":57}},"14":{"start":{"line":27,"column":8},"end":{"line":27,"column":18}},"15":{"start":{"line":31,"column":19},"end":{"line":44,"column":1}},"16":{"start":{"line":32,"column":4},"end":{"line":43,"column":5}},"17":{"start":{"line":33,"column":25},"end":{"line":37,"column":10}},"18":{"start":{"line":39,"column":8},"end":{"line":39,"column":27}},"19":{"start":{"line":41,"column":8},"end":{"line":41,"column":57}},"20":{"start":{"line":42,"column":8},"end":{"line":42,"column":18}},"21":{"start":{"line":46,"column":22},"end":{"line":66,"column":1}},"22":{"start":{"line":47,"column":4},"end":{"line":65,"column":5}},"23":{"start":{"line":48,"column":8},"end":{"line":50,"column":9}},"24":{"start":{"line":49,"column":12},"end":{"line":49,"column":55}},"25":{"start":{"line":52,"column":19},"end":{"line":52,"column":32}},"26":{"start":{"line":53,"column":24},"end":{"line":53,"column":64}},"27":{"start":{"line":55,"column":25},"end":{"line":59,"column":10}},"28":{"start":{"line":61,"column":8},"end":{"line":61,"column":27}},"29":{"start":{"line":63,"column":8},"end":{"line":63,"column":57}},"30":{"start":{"line":64,"column":8},"end":{"line":64,"column":18}},"31":{"start":{"line":68,"column":22},"end":{"line":81,"column":1}},"32":{"start":{"line":69,"column":4},"end":{"line":80,"column":5}},"33":{"start":{"line":70,"column":8},"end":{"line":72,"column":9}},"34":{"start":{"line":71,"column":12},"end":{"line":71,"column":55}},"35":{"start":{"line":74,"column":25},"end":{"line":74,"column":79}},"36":{"start":{"line":76,"column":8},"end":{"line":76,"column":40}},"37":{"start":{"line":78,"column":8},"end":{"line":78,"column":57}},"38":{"start":{"line":79,"column":8},"end":{"line":79,"column":18}}},"fnMap":{"0":{"name":"(anonymous_0)","decl":{"start":{"line":3,"column":21},"end":{"line":3,"column":22}},"loc":{"start":{"line":3,"column":47},"end":{"line":10,"column":1}},"line":3},"1":{"name":"(anonymous_1)","decl":{"start":{"line":12,"column":19},"end":{"line":12,"column":20}},"loc":{"start":{"line":12,"column":45},"end":{"line":29,"column":1}},"line":12},"2":{"name":"(anonymous_2)","decl":{"start":{"line":31,"column":19},"end":{"line":31,"column":20}},"loc":{"start":{"line":31,"column":45},"end":{"line":44,"column":1}},"line":31},"3":{"name":"(anonymous_3)","decl":{"start":{"line":46,"column":22},"end":{"line":46,"column":23}},"loc":{"start":{"line":46,"column":48},"end":{"line":66,"column":1}},"line":46},"4":{"name":"(anonymous_4)","decl":{"start":{"line":68,"column":22},"end":{"line":68,"column":23}},"loc":{"start":{"line":68,"column":48},"end":{"line":81,"column":1}},"line":68}},"branchMap":{"0":{"loc":{"start":{"line":14,"column":8},"end":{"line":16,"column":9}},"type":"if","locations":[{"start":{"line":14,"column":8},"end":{"line":16,"column":9}},{"start":{},"end":{}}],"line":14},"1":{"loc":{"start":{"line":20,"column":8},"end":{"line":22,"column":9}},"type":"if","locations":[{"start":{"line":20,"column":8},"end":{"line":22,"column":9}},{"start":{},"end":{}}],"line":20},"2":{"loc":{"start":{"line":48,"column":8},"end":{"line":50,"column":9}},"type":"if","locations":[{"start":{"line":48,"column":8},"end":{"line":50,"column":9}},{"start":{},"end":{}}],"line":48},"3":{"loc":{"start":{"line":56,"column":18},"end":{"line":56,"column":47}},"type":"binary-expr","locations":[{"start":{"line":56,"column":18},"end":{"line":56,"column":31}},{"start":{"line":56,"column":35},"end":{"line":56,"column":47}}],"line":56},"4":{"loc":{"start":{"line":57,"column":21},"end":{"line":57,"column":56}},"type":"binary-expr","locations":[{"start":{"line":57,"column":21},"end":{"line":57,"column":37}},{"start":{"line":57,"column":41},"end":{"line":57,"column":56}}],"line":57},"5":{"loc":{"start":{"line":58,"column":29},"end":{"line":58,"column":80}},"type":"binary-expr","locations":[{"start":{"line":58,"column":29},"end":{"line":58,"column":53}},{"start":{"line":58,"column":57},"end":{"line":58,"column":80}}],"line":58},"6":{"loc":{"start":{"line":70,"column":8},"end":{"line":72,"column":9}},"type":"if","locations":[{"start":{"line":70,"column":8},"end":{"line":72,"column":9}},{"start":{},"end":{}}],"line":70}},"s":{"0":1,"1":2,"2":2,"3":1,"4":1,"5":1,"6":2,"7":2,"8":1,"9":1,"10":1,"11":0,"12":1,"13":1,"14":1,"15":1,"16":2,"17":2,"18":1,"19":1,"20":1,"21":1,"22":2,"23":2,"24":1,"25":1,"26":1,"27":1,"28":1,"29":1,"30":1,"31":1,"32":2,"33":2,"34":1,"35":1,"36":1,"37":1,"38":1},"f":{"0":2,"1":2,"2":2,"3":2,"4":2},"b":{"0":[1,1],"1":[0,1],"2":[1,1],"3":[1,0],"4":[1,1],"5":[1,1],"6":[1,1]},"_coverageSchema":"1a1c01bbd47fc00a2c39e90264f33305004495a9","hash":"84ea118d7c63b9b2cca0cd48cdb88cba5fbd29bf"}
,"C:\\Users\\Maciu\\Desktop\\Proiect WishlistApp\\Proiect\\controllers\\userControllers.js": {"path":"C:\\Users\\Maciu\\Desktop\\Proiect WishlistApp\\Proiect\\controllers\\userControllers.js","statementMap":{"0":{"start":{"line":7,"column":17},"end":{"line":14,"column":1}},"1":{"start":{"line":8,"column":4},"end":{"line":13,"column":5}},"2":{"start":{"line":9,"column":8},"end":{"line":9,"column":46}},"3":{"start":{"line":11,"column":8},"end":{"line":11,"column":55}},"4":{"start":{"line":12,"column":8},"end":{"line":12,"column":18}},"5":{"start":{"line":16,"column":16},"end":{"line":27,"column":1}},"6":{"start":{"line":17,"column":4},"end":{"line":26,"column":5}},"7":{"start":{"line":18,"column":25},"end":{"line":18,"column":77}},"8":{"start":{"line":19,"column":8},"end":{"line":21,"column":9}},"9":{"start":{"line":20,"column":12},"end":{"line":20,"column":47}},"10":{"start":{"line":22,"column":8},"end":{"line":22,"column":27}},"11":{"start":{"line":24,"column":8},"end":{"line":24,"column":54}},"12":{"start":{"line":25,"column":8},"end":{"line":25,"column":18}},"13":{"start":{"line":29,"column":25},"end":{"line":40,"column":1}},"14":{"start":{"line":30,"column":4},"end":{"line":39,"column":5}},"15":{"start":{"line":31,"column":21},"end":{"line":31,"column":73}},"16":{"start":{"line":32,"column":8},"end":{"line":34,"column":9}},"17":{"start":{"line":33,"column":12},"end":{"line":33,"column":47}},"18":{"start":{"line":35,"column":8},"end":{"line":35,"column":32}},"19":{"start":{"line":37,"column":8},"end":{"line":37,"column":54}},"20":{"start":{"line":38,"column":8},"end":{"line":38,"column":18}},"21":{"start":{"line":42,"column":29},"end":{"line":53,"column":1}},"22":{"start":{"line":43,"column":4},"end":{"line":52,"column":5}},"23":{"start":{"line":44,"column":21},"end":{"line":44,"column":73}},"24":{"start":{"line":45,"column":8},"end":{"line":47,"column":9}},"25":{"start":{"line":46,"column":12},"end":{"line":46,"column":47}},"26":{"start":{"line":48,"column":8},"end":{"line":48,"column":36}},"27":{"start":{"line":50,"column":8},"end":{"line":50,"column":54}},"28":{"start":{"line":51,"column":8},"end":{"line":51,"column":18}},"29":{"start":{"line":55,"column":27},"end":{"line":75,"column":1}},"30":{"start":{"line":56,"column":4},"end":{"line":74,"column":5}},"31":{"start":{"line":57,"column":21},"end":{"line":57,"column":73}},"32":{"start":{"line":58,"column":8},"end":{"line":60,"column":9}},"33":{"start":{"line":59,"column":12},"end":{"line":59,"column":47}},"34":{"start":{"line":62,"column":29},"end":{"line":62,"column":45}},"35":{"start":{"line":63,"column":23},"end":{"line":63,"column":25}},"36":{"start":{"line":64,"column":8},"end":{"line":68,"column":9}},"37":{"start":{"line":65,"column":12},"end":{"line":67,"column":13}},"38":{"start":{"line":66,"column":16},"end":{"line":66,"column":47}},"39":{"start":{"line":70,"column":8},"end":{"line":70,"column":25}},"40":{"start":{"line":72,"column":8},"end":{"line":72,"column":52}},"41":{"start":{"line":73,"column":8},"end":{"line":73,"column":18}},"42":{"start":{"line":77,"column":28},"end":{"line":97,"column":1}},"43":{"start":{"line":78,"column":4},"end":{"line":96,"column":5}},"44":{"start":{"line":79,"column":21},"end":{"line":79,"column":73}},"45":{"start":{"line":80,"column":8},"end":{"line":82,"column":9}},"46":{"start":{"line":81,"column":12},"end":{"line":81,"column":47}},"47":{"start":{"line":84,"column":29},"end":{"line":84,"column":45}},"48":{"start":{"line":85,"column":23},"end":{"line":85,"column":25}},"49":{"start":{"line":86,"column":8},"end":{"line":90,"column":9}},"50":{"start":{"line":87,"column":12},"end":{"line":89,"column":13}},"51":{"start":{"line":88,"column":16},"end":{"line":88,"column":47}},"52":{"start":{"line":92,"column":8},"end":{"line":92,"column":25}},"53":{"start":{"line":94,"column":8},"end":{"line":94,"column":52}},"54":{"start":{"line":95,"column":8},"end":{"line":95,"column":18}},"55":{"start":{"line":99,"column":16},"end":{"line":112,"column":1}},"56":{"start":{"line":100,"column":4},"end":{"line":111,"column":5}},"57":{"start":{"line":101,"column":29},"end":{"line":101,"column":69}},"58":{"start":{"line":102,"column":25},"end":{"line":106,"column":10}},"59":{"start":{"line":107,"column":8},"end":{"line":107,"column":27}},"60":{"start":{"line":109,"column":8},"end":{"line":109,"column":52}},"61":{"start":{"line":110,"column":8},"end":{"line":110,"column":18}},"62":{"start":{"line":114,"column":19},"end":{"line":132,"column":1}},"63":{"start":{"line":115,"column":4},"end":{"line":131,"column":5}},"64":{"start":{"line":116,"column":22},"end":{"line":116,"column":41}},"65":{"start":{"line":117,"column":21},"end":{"line":117,"column":59}},"66":{"start":{"line":119,"column":29},"end":{"line":119,"column":92}},"67":{"start":{"line":122,"column":25},"end":{"line":125,"column":10}},"68":{"start":{"line":127,"column":8},"end":{"line":127,"column":27}},"69":{"start":{"line":129,"column":8},"end":{"line":129,"column":54}},"70":{"start":{"line":130,"column":8},"end":{"line":130,"column":18}},"71":{"start":{"line":135,"column":19},"end":{"line":147,"column":1}},"72":{"start":{"line":136,"column":4},"end":{"line":146,"column":5}},"73":{"start":{"line":137,"column":25},"end":{"line":137,"column":77}},"74":{"start":{"line":139,"column":34},"end":{"line":139,"column":102}},"75":{"start":{"line":140,"column":34},"end":{"line":140,"column":109}},"76":{"start":{"line":141,"column":27},"end":{"line":141,"column":77}},"77":{"start":{"line":142,"column":8},"end":{"line":142,"column":40}},"78":{"start":{"line":144,"column":8},"end":{"line":144,"column":54}},"79":{"start":{"line":145,"column":8},"end":{"line":145,"column":18}},"80":{"start":{"line":149,"column":20},"end":{"line":170,"column":1}},"81":{"start":{"line":150,"column":4},"end":{"line":169,"column":5}},"82":{"start":{"line":151,"column":21},"end":{"line":151,"column":73}},"83":{"start":{"line":152,"column":8},"end":{"line":154,"column":9}},"84":{"start":{"line":153,"column":12},"end":{"line":153,"column":47}},"85":{"start":{"line":156,"column":25},"end":{"line":156,"column":27}},"86":{"start":{"line":157,"column":26},"end":{"line":157,"column":39}},"87":{"start":{"line":159,"column":8},"end":{"line":164,"column":9}},"88":{"start":{"line":160,"column":32},"end":{"line":160,"column":53}},"89":{"start":{"line":161,"column":12},"end":{"line":163,"column":13}},"90":{"start":{"line":162,"column":16},"end":{"line":162,"column":49}},"91":{"start":{"line":165,"column":8},"end":{"line":165,"column":27}},"92":{"start":{"line":167,"column":8},"end":{"line":167,"column":42}},"93":{"start":{"line":168,"column":8},"end":{"line":168,"column":18}},"94":{"start":{"line":172,"column":18},"end":{"line":192,"column":1}},"95":{"start":{"line":173,"column":4},"end":{"line":191,"column":5}},"96":{"start":{"line":174,"column":21},"end":{"line":174,"column":68}},"97":{"start":{"line":175,"column":8},"end":{"line":177,"column":9}},"98":{"start":{"line":176,"column":12},"end":{"line":176,"column":50}},"99":{"start":{"line":178,"column":8},"end":{"line":186,"column":9}},"100":{"start":{"line":179,"column":26},"end":{"line":179,"column":79}},"101":{"start":{"line":180,"column":29},"end":{"line":182,"column":14}},"102":{"start":{"line":183,"column":12},"end":{"line":183,"column":31}},"103":{"start":{"line":185,"column":12},"end":{"line":185,"column":45}},"104":{"start":{"line":189,"column":8},"end":{"line":189,"column":42}},"105":{"start":{"line":190,"column":8},"end":{"line":190,"column":18}},"106":{"start":{"line":194,"column":19},"end":{"line":209,"column":1}},"107":{"start":{"line":195,"column":4},"end":{"line":208,"column":5}},"108":{"start":{"line":196,"column":21},"end":{"line":196,"column":73}},"109":{"start":{"line":197,"column":8},"end":{"line":199,"column":9}},"110":{"start":{"line":198,"column":12},"end":{"line":198,"column":47}},"111":{"start":{"line":201,"column":25},"end":{"line":203,"column":10}},"112":{"start":{"line":204,"column":8},"end":{"line":204,"column":27}},"113":{"start":{"line":206,"column":8},"end":{"line":206,"column":54}},"114":{"start":{"line":207,"column":8},"end":{"line":207,"column":18}}},"fnMap":{"0":{"name":"(anonymous_0)","decl":{"start":{"line":7,"column":17},"end":{"line":7,"column":18}},"loc":{"start":{"line":7,"column":43},"end":{"line":14,"column":1}},"line":7},"1":{"name":"(anonymous_1)","decl":{"start":{"line":16,"column":16},"end":{"line":16,"column":17}},"loc":{"start":{"line":16,"column":42},"end":{"line":27,"column":1}},"line":16},"2":{"name":"(anonymous_2)","decl":{"start":{"line":29,"column":25},"end":{"line":29,"column":26}},"loc":{"start":{"line":29,"column":51},"end":{"line":40,"column":1}},"line":29},"3":{"name":"(anonymous_3)","decl":{"start":{"line":42,"column":29},"end":{"line":42,"column":30}},"loc":{"start":{"line":42,"column":55},"end":{"line":53,"column":1}},"line":42},"4":{"name":"(anonymous_4)","decl":{"start":{"line":55,"column":27},"end":{"line":55,"column":28}},"loc":{"start":{"line":55,"column":53},"end":{"line":75,"column":1}},"line":55},"5":{"name":"(anonymous_5)","decl":{"start":{"line":77,"column":28},"end":{"line":77,"column":29}},"loc":{"start":{"line":77,"column":54},"end":{"line":97,"column":1}},"line":77},"6":{"name":"(anonymous_6)","decl":{"start":{"line":99,"column":16},"end":{"line":99,"column":17}},"loc":{"start":{"line":99,"column":42},"end":{"line":112,"column":1}},"line":99},"7":{"name":"(anonymous_7)","decl":{"start":{"line":114,"column":19},"end":{"line":114,"column":20}},"loc":{"start":{"line":114,"column":45},"end":{"line":132,"column":1}},"line":114},"8":{"name":"(anonymous_8)","decl":{"start":{"line":135,"column":19},"end":{"line":135,"column":20}},"loc":{"start":{"line":135,"column":45},"end":{"line":147,"column":1}},"line":135},"9":{"name":"(anonymous_9)","decl":{"start":{"line":149,"column":20},"end":{"line":149,"column":21}},"loc":{"start":{"line":149,"column":46},"end":{"line":170,"column":1}},"line":149},"10":{"name":"(anonymous_10)","decl":{"start":{"line":172,"column":18},"end":{"line":172,"column":19}},"loc":{"start":{"line":172,"column":44},"end":{"line":192,"column":1}},"line":172},"11":{"name":"(anonymous_11)","decl":{"start":{"line":194,"column":19},"end":{"line":194,"column":20}},"loc":{"start":{"line":194,"column":45},"end":{"line":209,"column":1}},"line":194}},"branchMap":{"0":{"loc":{"start":{"line":19,"column":8},"end":{"line":21,"column":9}},"type":"if","locations":[{"start":{"line":19,"column":8},"end":{"line":21,"column":9}},{"start":{},"end":{}}],"line":19},"1":{"loc":{"start":{"line":32,"column":8},"end":{"line":34,"column":9}},"type":"if","locations":[{"start":{"line":32,"column":8},"end":{"line":34,"column":9}},{"start":{},"end":{}}],"line":32},"2":{"loc":{"start":{"line":45,"column":8},"end":{"line":47,"column":9}},"type":"if","locations":[{"start":{"line":45,"column":8},"end":{"line":47,"column":9}},{"start":{},"end":{}}],"line":45},"3":{"loc":{"start":{"line":58,"column":8},"end":{"line":60,"column":9}},"type":"if","locations":[{"start":{"line":58,"column":8},"end":{"line":60,"column":9}},{"start":{},"end":{}}],"line":58},"4":{"loc":{"start":{"line":65,"column":12},"end":{"line":67,"column":13}},"type":"if","locations":[{"start":{"line":65,"column":12},"end":{"line":67,"column":13}},{"start":{},"end":{}}],"line":65},"5":{"loc":{"start":{"line":80,"column":8},"end":{"line":82,"column":9}},"type":"if","locations":[{"start":{"line":80,"column":8},"end":{"line":82,"column":9}},{"start":{},"end":{}}],"line":80},"6":{"loc":{"start":{"line":87,"column":12},"end":{"line":89,"column":13}},"type":"if","locations":[{"start":{"line":87,"column":12},"end":{"line":89,"column":13}},{"start":{},"end":{}}],"line":87},"7":{"loc":{"start":{"line":119,"column":29},"end":{"line":119,"column":92}},"type":"binary-expr","locations":[{"start":{"line":119,"column":29},"end":{"line":119,"column":48}},{"start":{"line":119,"column":52},"end":{"line":119,"column":92}}],"line":119},"8":{"loc":{"start":{"line":123,"column":22},"end":{"line":123,"column":58}},"type":"binary-expr","locations":[{"start":{"line":123,"column":22},"end":{"line":123,"column":41}},{"start":{"line":123,"column":45},"end":{"line":123,"column":58}}],"line":123},"9":{"loc":{"start":{"line":124,"column":22},"end":{"line":124,"column":51}},"type":"binary-expr","locations":[{"start":{"line":124,"column":22},"end":{"line":124,"column":34}},{"start":{"line":124,"column":38},"end":{"line":124,"column":51}}],"line":124},"10":{"loc":{"start":{"line":152,"column":8},"end":{"line":154,"column":9}},"type":"if","locations":[{"start":{"line":152,"column":8},"end":{"line":154,"column":9}},{"start":{},"end":{}}],"line":152},"11":{"loc":{"start":{"line":175,"column":8},"end":{"line":177,"column":9}},"type":"if","locations":[{"start":{"line":175,"column":8},"end":{"line":177,"column":9}},{"start":{},"end":{}}],"line":175},"12":{"loc":{"start":{"line":178,"column":8},"end":{"line":186,"column":9}},"type":"if","locations":[{"start":{"line":178,"column":8},"end":{"line":186,"column":9}},{"start":{"line":184,"column":15},"end":{"line":186,"column":9}}],"line":178},"13":{"loc":{"start":{"line":197,"column":8},"end":{"line":199,"column":9}},"type":"if","locations":[{"start":{"line":197,"column":8},"end":{"line":199,"column":9}},{"start":{},"end":{}}],"line":197}},"s":{"0":1,"1":2,"2":2,"3":1,"4":1,"5":1,"6":0,"7":0,"8":0,"9":0,"10":0,"11":0,"12":0,"13":1,"14":0,"15":0,"16":0,"17":0,"18":0,"19":0,"20":0,"21":1,"22":0,"23":0,"24":0,"25":0,"26":0,"27":0,"28":0,"29":1,"30":0,"31":0,"32":0,"33":0,"34":0,"35":0,"36":0,"37":0,"38":0,"39":0,"40":0,"41":0,"42":1,"43":0,"44":0,"45":0,"46":0,"47":0,"48":0,"49":0,"50":0,"51":0,"52":0,"53":0,"54":0,"55":1,"56":0,"57":0,"58":0,"59":0,"60":0,"61":0,"62":1,"63":0,"64":0,"65":0,"66":0,"67":0,"68":0,"69":0,"70":0,"71":1,"72":0,"73":0,"74":0,"75":0,"76":0,"77":0,"78":0,"79":0,"80":1,"81":0,"82":0,"83":0,"84":0,"85":0,"86":0,"87":0,"88":0,"89":0,"90":0,"91":0,"92":0,"93":0,"94":1,"95":0,"96":0,"97":0,"98":0,"99":0,"100":0,"101":0,"102":0,"103":0,"104":0,"105":0,"106":1,"107":0,"108":0,"109":0,"110":0,"111":0,"112":0,"113":0,"114":0},"f":{"0":2,"1":0,"2":0,"3":0,"4":0,"5":0,"6":0,"7":0,"8":0,"9":0,"10":0,"11":0},"b":{"0":[0,0],"1":[0,0],"2":[0,0],"3":[0,0],"4":[0,0],"5":[0,0],"6":[0,0],"7":[0,0],"8":[0,0],"9":[0,0],"10":[0,0],"11":[0,0],"12":[0,0],"13":[0,0]},"_coverageSchema":"1a1c01bbd47fc00a2c39e90264f33305004495a9","hash":"92e071507ec57ca68f627b99d8f51b311485b378"}
[...]
,"C:\\Users\\Maciu\\Desktop\\Proiect WishlistApp\\Proiect\\services\\purchaseServices.js": {"path":"C:\\Users\\Maciu\\Desktop\\Proiect WishlistApp\\Proiect\\services\\purchaseServices.js","statementMap":{"0":{"start":{"line":2,"column":15},"end":{"line":2,"column":33}},"1":{"start":{"line":4,"column":15},"end":{"line":12,"column":1}},"2":{"start":{"line":5,"column":22},"end":{"line":10,"column":6}},"3":{"start":{"line":11,"column":4},"end":{"line":11,"column":21}},"4":{"start":{"line":14,"column":19},"end":{"line":27,"column":1}},"5":{"start":{"line":15,"column":22},"end":{"line":25,"column":6}},"6":{"start":{"line":26,"column":4},"end":{"line":26,"column":21}},"7":{"start":{"line":29,"column":23},"end":{"line":42,"column":1}},"8":{"start":{"line":30,"column":22},"end":{"line":40,"column":6}},"9":{"start":{"line":41,"column":4},"end":{"line":41,"column":21}},"10":{"start":{"line":44,"column":20},"end":{"line":55,"column":1}},"11":{"start":{"line":45,"column":21},"end":{"line":53,"column":6}},"12":{"start":{"line":54,"column":4},"end":{"line":54,"column":20}},"13":{"start":{"line":57,"column":20},"end":{"line":66,"column":1}},"14":{"start":{"line":58,"column":21},"end":{"line":64,"column":6}},"15":{"start":{"line":65,"column":4},"end":{"line":65,"column":20}},"16":{"start":{"line":68,"column":23},"end":{"line":80,"column":1}},"17":{"start":{"line":69,"column":21},"end":{"line":78,"column":6}},"18":{"start":{"line":79,"column":4},"end":{"line":79,"column":20}},"19":{"start":{"line":82,"column":23},"end":{"line":93,"column":1}},"20":{"start":{"line":83,"column":21},"end":{"line":91,"column":6}},"21":{"start":{"line":92,"column":4},"end":{"line":92,"column":20}}},"fnMap":{"0":{"name":"(anonymous_0)","decl":{"start":{"line":4,"column":15},"end":{"line":4,"column":16}},"loc":{"start":{"line":4,"column":27},"end":{"line":12,"column":1}},"line":4},"1":{"name":"(anonymous_1)","decl":{"start":{"line":14,"column":19},"end":{"line":14,"column":20}},"loc":{"start":{"line":14,"column":40},"end":{"line":27,"column":1}},"line":14},"2":{"name":"(anonymous_2)","decl":{"start":{"line":29,"column":23},"end":{"line":29,"column":24}},"loc":{"start":{"line":29,"column":45},"end":{"line":42,"column":1}},"line":29},"3":{"name":"(anonymous_3)","decl":{"start":{"line":44,"column":20},"end":{"line":44,"column":21}},"loc":{"start":{"line":44,"column":34},"end":{"line":55,"column":1}},"line":44},"4":{"name":"(anonymous_4)","decl":{"start":{"line":57,"column":20},"end":{"line":57,"column":21}},"loc":{"start":{"line":57,"column":36},"end":{"line":66,"column":1}},"line":57},"5":{"name":"(anonymous_5)","decl":{"start":{"line":68,"column":23},"end":{"line":68,"column":24}},"loc":{"start":{"line":68,"column":43},"end":{"line":80,"column":1}},"line":68},"6":{"name":"(anonymous_6)","decl":{"start":{"line":82,"column":23},"end":{"line":82,"column":24}},"loc":{"start":{"line":82,"column":37},"end":{"line":93,"column":1}},"line":82}},"branchMap":{},"s":{"0":4,"1":4,"2":3,"3":3,"4":4,"5":0,"6":0,"7":4,"8":0,"9":0,"10":4,"11":0,"12":0,"13":4,"14":0,"15":0,"16":4,"17":0,"18":0,"19":4,"20":0,"21":0},"f":{"0":3,"1":0,"2":0,"3":0,"4":0,"5":0,"6":0},"b":{},"_coverageSchema":"1a1c01bbd47fc00a2c39e90264f33305004495a9","hash":"6cf7d45c1c3260cc9cfaff3ab6847f6a6a5b61a0"}
,"C:\\Users\\Maciu\\Desktop\\Proiect WishlistApp\\Proiect\\services\\userAddressServices.js": {"path":"C:\\Users\\Maciu\\Desktop\\Proiect WishlistApp\\Proiect\\services\\userAddressServices.js","statementMap":{"0":{"start":{"line":2,"column":15},"end":{"line":2,"column":33}},"1":{"start":{"line":4,"column":15},"end":{"line":7,"column":1}},"2":{"start":{"line":5,"column":22},"end":{"line":5,"column":57}},"3":{"start":{"line":6,"column":4},"end":{"line":6,"column":21}},"4":{"start":{"line":9,"column":19},"end":{"line":19,"column":1}},"5":{"start":{"line":10,"column":20},"end":{"line":17,"column":6}},"6":{"start":{"line":18,"column":4},"end":{"line":18,"column":19}},"7":{"start":{"line":21,"column":19},"end":{"line":26,"column":1}},"8":{"start":{"line":22,"column":20},"end":{"line":24,"column":6}},"9":{"start":{"line":25,"column":4},"end":{"line":25,"column":19}},"10":{"start":{"line":28,"column":22},"end":{"line":36,"column":1}},"11":{"start":{"line":29,"column":20},"end":{"line":34,"column":6}},"12":{"start":{"line":35,"column":4},"end":{"line":35,"column":19}},"13":{"start":{"line":38,"column":22},"end":{"line":45,"column":1}},"14":{"start":{"line":39,"column":20},"end":{"line":43,"column":6}},"15":{"start":{"line":44,"column":4},"end":{"line":44,"column":19}}},"fnMap":{"0":{"name":"(anonymous_0)","decl":{"start":{"line":4,"column":15},"end":{"line":4,"column":16}},"loc":{"start":{"line":4,"column":27},"end":{"line":7,"column":1}},"line":4},"1":{"name":"(anonymous_1)","decl":{"start":{"line":9,"column":19},"end":{"line":9,"column":20}},"loc":{"start":{"line":9,"column":33},"end":{"line":19,"column":1}},"line":9},"2":{"name":"(anonymous_2)","decl":{"start":{"line":21,"column":19},"end":{"line":21,"column":20}},"loc":{"start":{"line":21,"column":35},"end":{"line":26,"column":1}},"line":21},"3":{"name":"(anonymous_3)","decl":{"start":{"line":28,"column":22},"end":{"line":28,"column":23}},"loc":{"start":{"line":28,"column":42},"end":{"line":36,"column":1}},"line":28},"4":{"name":"(anonymous_4)","decl":{"start":{"line":38,"column":22},"end":{"line":38,"column":23}},"loc":{"start":{"line":38,"column":36},"end":{"line":45,"column":1}},"line":38}},"branchMap":{},"s":{"0":6,"1":6,"2":3,"3":3,"4":6,"5":2,"6":2,"7":6,"8":2,"9":2,"10":6,"11":1,"12":1,"13":6,"14":2,"15":2},"f":{"0":3,"1":2,"2":2,"3":1,"4":2},"b":{},"_coverageSchema":"1a1c01bbd47fc00a2c39e90264f33305004495a9","hash":"873ce8173ab4275596760f43a17e80d28667f689"}
,"C:\\Users\\Maciu\\Desktop\\Proiect WishlistApp\\Proiect\\services\\userDetailsServices.js": {"path":"C:\\Users\\Maciu\\Desktop\\Proiect WishlistApp\\Proiect\\services\\userDetailsServices.js","statementMap":{"0":{"start":{"line":2,"column":15},"end":{"line":2,"column":33}},"1":{"start":{"line":4,"column":26},"end":{"line":12,"column":1}},"2":{"start":{"line":5,"column":20},"end":{"line":10,"column":6}},"3":{"start":{"line":11,"column":4},"end":{"line":11,"column":19}},"4":{"start":{"line":14,"column":23},"end":{"line":25,"column":1}},"5":{"start":{"line":15,"column":20},"end":{"line":23,"column":6}},"6":{"start":{"line":24,"column":4},"end":{"line":24,"column":19}},"7":{"start":{"line":27,"column":23},"end":{"line":36,"column":1}},"8":{"start":{"line":28,"column":20},"end":{"line":34,"column":6}},"9":{"start":{"line":35,"column":4},"end":{"line":35,"column":19}},"10":{"start":{"line":38,"column":26},"end":{"line":46,"column":1}},"11":{"start":{"line":39,"column":20},"end":{"line":44,"column":6}},"12":{"start":{"line":45,"column":4},"end":{"line":45,"column":19}},"13":{"start":{"line":48,"column":26},"end":{"line":55,"column":1}},"14":{"start":{"line":49,"column":20},"end":{"line":53,"column":6}},"15":{"start":{"line":54,"column":4},"end":{"line":54,"column":19}}},"fnMap":{"0":{"name":"(anonymous_0)","decl":{"start":{"line":4,"column":26},"end":{"line":4,"column":27}},"loc":{"start":{"line":4,"column":38},"end":{"line":12,"column":1}},"line":4},"1":{"name":"(anonymous_1)","decl":{"start":{"line":14,"column":23},"end":{"line":14,"column":24}},"loc":{"start":{"line":14,"column":37},"end":{"line":25,"column":1}},"line":14},"2":{"name":"(anonymous_2)","decl":{"start":{"line":27,"column":23},"end":{"line":27,"column":24}},"loc":{"start":{"line":27,"column":39},"end":{"line":36,"column":1}},"line":27},"3":{"name":"(anonymous_3)","decl":{"start":{"line":38,"column":26},"end":{"line":38,"column":27}},"loc":{"start":{"line":38,"column":46},"end":{"line":46,"column":1}},"line":38},"4":{"name":"(anonymous_4)","decl":{"start":{"line":48,"column":26},"end":{"line":48,"column":27}},"loc":{"start":{"line":48,"column":40},"end":{"line":55,"column":1}},"line":48}},"branchMap":{},"s":{"0":5,"1":5,"2":3,"3":3,"4":5,"5":0,"6":0,"7":5,"8":1,"9":1,"10":5,"11":0,"12":0,"13":5,"14":1,"15":1},"f":{"0":3,"1":0,"2":1,"3":0,"4":1},"b":{},"_coverageSchema":"1a1c01bbd47fc00a2c39e90264f33305004495a9","hash":"be9d0cd694b7a0964b31b0fd44060b2207f73d1f"}
,"C:\\Users\\Maciu\\Desktop\\Proiect WishlistApp\\Proiect\\services\\userGroupsServices.js": {"path":"C:\\Users\\Maciu\\Desktop\\Proiect WishlistApp\\Proiect\\services\\userGroupsServices.js","statementMap":{"0":{"start":{"line":2,"column":15},"end":{"line":2,"column":33}},"1":{"start":{"line":4,"column":15},"end":{"line":14,"column":1}},"2":{"start":{"line":5,"column":26},"end":{"line":12,"column":5}},"3":{"start":{"line":13,"column":4},"end":{"line":13,"column":25}},"4":{"start":{"line":16,"column":23},"end":{"line":27,"column":1}},"5":{"start":{"line":17,"column":25},"end":{"line":25,"column":6}},"6":{"start":{"line":26,"column":4},"end":{"line":26,"column":24}},"7":{"start":{"line":29,"column":24},"end":{"line":47,"column":1}},"8":{"start":{"line":30,"column":25},"end":{"line":45,"column":6}},"9":{"start":{"line":46,"column":4},"end":{"line":46,"column":24}},"10":{"start":{"line":49,"column":23},"end":{"line":58,"column":1}},"11":{"start":{"line":50,"column":25},"end":{"line":56,"column":6}},"12":{"start":{"line":57,"column":4},"end":{"line":57,"column":24}},"13":{"start":{"line":60,"column":26},"end":{"line":72,"column":1}},"14":{"start":{"line":61,"column":25},"end":{"line":70,"column":6}},"15":{"start":{"line":71,"column":4},"end":{"line":71,"column":24}},"16":{"start":{"line":75,"column":26},"end":{"line":86,"column":1}},"17":{"start":{"line":76,"column":25},"end":{"line":84,"column":6}},"18":{"start":{"line":85,"column":4},"end":{"line":85,"column":24}}},"fnMap":{"0":{"name":"(anonymous_0)","decl":{"start":{"line":4,"column":15},"end":{"line":4,"column":16}},"loc":{"start":{"line":4,"column":27},"end":{"line":14,"column":1}},"line":4},"1":{"name":"(anonymous_1)","decl":{"start":{"line":16,"column":23},"end":{"line":16,"column":24}},"loc":{"start":{"line":16,"column":37},"end":{"line":27,"column":1}},"line":16},"2":{"name":"(anonymous_2)","decl":{"start":{"line":29,"column":24},"end":{"line":29,"column":25}},"loc":{"start":{"line":29,"column":43},"end":{"line":47,"column":1}},"line":29},"3":{"name":"(anonymous_3)","decl":{"start":{"line":49,"column":23},"end":{"line":49,"column":24}},"loc":{"start":{"line":49,"column":39},"end":{"line":58,"column":1}},"line":49},"4":{"name":"(anonymous_4)","decl":{"start":{"line":60,"column":26},"end":{"line":60,"column":27}},"loc":{"start":{"line":60,"column":46},"end":{"line":72,"column":1}},"line":60},"5":{"name":"(anonymous_5)","decl":{"start":{"line":75,"column":26},"end":{"line":75,"column":27}},"loc":{"start":{"line":75,"column":40},"end":{"line":86,"column":1}},"line":75}},"branchMap":{},"s":{"0":2,"1":2,"2":1,"3":1,"4":2,"5":0,"6":0,"7":2,"8":0,"9":0,"10":2,"11":0,"12":0,"13":2,"14":0,"15":0,"16":2,"17":0,"18":0},"f":{"0":1,"1":0,"2":0,"3":0,"4":0,"5":0},"b":{},"_coverageSchema":"1a1c01bbd47fc00a2c39e90264f33305004495a9","hash":"22a8478465b52332bdb7584f9589ed2c48afe3e1"}
,"C:\\Users\\Maciu\\Desktop\\Proiect WishlistApp\\Proiect\\services\\userServices.js": {"path":"C:\\Users\\Maciu\\Desktop\\Proiect WishlistApp\\Proiect\\services\\userServices.js","statementMap":{"0":{"start":{"line":2,"column":15},"end":{"line":2,"column":33}},"1":{"start":{"line":4,"column":15},"end":{"line":29,"column":1}},"2":{"start":{"line":5,"column":18},"end":{"line":27,"column":6}},"3":{"start":{"line":28,"column":4},"end":{"line":28,"column":17}},"4":{"start":{"line":31,"column":18},"end":{"line":59,"column":1}},"5":{"start":{"line":32,"column":17},"end":{"line":57,"column":6}},"6":{"start":{"line":58,"column":4},"end":{"line":58,"column":16}},"7":{"start":{"line":61,"column":21},"end":{"line":93,"column":1}},"8":{"start":{"line":62,"column":17},"end":{"line":91,"column":6}},"9":{"start":{"line":92,"column":4},"end":{"line":92,"column":16}},"10":{"start":{"line":95,"column":24},"end":{"line":127,"column":1}},"11":{"start":{"line":96,"column":17},"end":{"line":125,"column":6}},"12":{"start":{"line":126,"column":4},"end":{"line":126,"column":16}},"13":{"start":{"line":129,"column":16},"end":{"line":155,"column":1}},"14":{"start":{"line":130,"column":17},"end":{"line":153,"column":6}},"15":{"start":{"line":154,"column":4},"end":{"line":154,"column":16}},"16":{"start":{"line":157,"column":19},"end":{"line":186,"column":1}},"17":{"start":{"line":158,"column":17},"end":{"line":184,"column":6}},"18":{"start":{"line":185,"column":4},"end":{"line":185,"column":16}},"19":{"start":{"line":188,"column":19},"end":{"line":216,"column":1}},"20":{"start":{"line":189,"column":17},"end":{"line":214,"column":6}},"21":{"start":{"line":215,"column":4},"end":{"line":215,"column":16}}},"fnMap":{"0":{"name":"(anonymous_0)","decl":{"start":{"line":4,"column":15},"end":{"line":4,"column":16}},"loc":{"start":{"line":4,"column":27},"end":{"line":29,"column":1}},"line":4},"1":{"name":"(anonymous_1)","decl":{"start":{"line":31,"column":18},"end":{"line":31,"column":19}},"loc":{"start":{"line":31,"column":32},"end":{"line":59,"column":1}},"line":31},"2":{"name":"(anonymous_2)","decl":{"start":{"line":61,"column":21},"end":{"line":61,"column":22}},"loc":{"start":{"line":61,"column":38},"end":{"line":93,"column":1}},"line":61},"3":{"name":"(anonymous_3)","decl":{"start":{"line":95,"column":24},"end":{"line":95,"column":25}},"loc":{"start":{"line":95,"column":44},"end":{"line":127,"column":1}},"line":95},"4":{"name":"(anonymous_4)","decl":{"start":{"line":129,"column":16},"end":{"line":129,"column":17}},"loc":{"start":{"line":129,"column":36},"end":{"line":155,"column":1}},"line":129},"5":{"name":"(anonymous_5)","decl":{"start":{"line":157,"column":19},"end":{"line":157,"column":20}},"loc":{"start":{"line":157,"column":46},"end":{"line":186,"column":1}},"line":157},"6":{"name":"(anonymous_6)","decl":{"start":{"line":188,"column":19},"end":{"line":188,"column":20}},"loc":{"start":{"line":188,"column":36},"end":{"line":216,"column":1}},"line":188}},"branchMap":{},"s":{"0":10,"1":10,"2":3,"3":3,"4":10,"5":1,"6":1,"7":10,"8":3,"9":3,"10":10,"11":1,"12":1,"13":10,"14":2,"15":2,"16":10,"17":1,"18":1,"19":10,"20":2,"21":2},"f":{"0":3,"1":1,"2":3,"3":1,"4":2,"5":1,"6":2},"b":{},"_coverageSchema":"1a1c01bbd47fc00a2c39e90264f33305004495a9","hash":"84f81edb153a8b46bb350ec93f2465d617eb51ca"}
,"C:\\Users\\Maciu\\Desktop\\Proiect WishlistApp\\Proiect\\services\\wishlistServices.js": {"path":"C:\\Users\\Maciu\\Desktop\\Proiect WishlistApp\\Proiect\\services\\wishlistServices.js","statementMap":{"0":{"start":{"line":2,"column":15},"end":{"line":2,"column":33}},"1":{"start":{"line":4,"column":15},"end":{"line":17,"column":1}},"2":{"start":{"line":5,"column":22},"end":{"line":15,"column":6}},"3":{"start":{"line":16,"column":4},"end":{"line":16,"column":21}},"4":{"start":{"line":19,"column":24},"end":{"line":43,"column":1}},"5":{"start":{"line":20,"column":21},"end":{"line":41,"column":6}},"6":{"start":{"line":42,"column":4},"end":{"line":42,"column":20}},"7":{"start":{"line":45,"column":26},"end":{"line":65,"column":1}},"8":{"start":{"line":46,"column":21},"end":{"line":63,"column":6}},"9":{"start":{"line":64,"column":4},"end":{"line":64,"column":20}},"10":{"start":{"line":67,"column":20},"end":{"line":81,"column":1}},"11":{"start":{"line":68,"column":21},"end":{"line":79,"column":6}},"12":{"start":{"line":80,"column":4},"end":{"line":80,"column":20}},"13":{"start":{"line":83,"column":23},"end":{"line":100,"column":1}},"14":{"start":{"line":84,"column":21},"end":{"line":98,"column":6}},"15":{"start":{"line":99,"column":4},"end":{"line":99,"column":20}},"16":{"start":{"line":103,"column":23},"end":{"line":119,"column":1}},"17":{"start":{"line":104,"column":21},"end":{"line":117,"column":6}},"18":{"start":{"line":118,"column":4},"end":{"line":118,"column":20}}},"fnMap":{"0":{"name":"(anonymous_0)","decl":{"start":{"line":4,"column":15},"end":{"line":4,"column":16}},"loc":{"start":{"line":4,"column":27},"end":{"line":17,"column":1}},"line":4},"1":{"name":"(anonymous_1)","decl":{"start":{"line":19,"column":24},"end":{"line":19,"column":25}},"loc":{"start":{"line":19,"column":38},"end":{"line":43,"column":1}},"line":19},"2":{"name":"(anonymous_2)","decl":{"start":{"line":45,"column":26},"end":{"line":45,"column":27}},"loc":{"start":{"line":45,"column":42},"end":{"line":65,"column":1}},"line":45},"3":{"name":"(anonymous_3)","decl":{"start":{"line":67,"column":20},"end":{"line":67,"column":21}},"loc":{"start":{"line":67,"column":44},"end":{"line":81,"column":1}},"line":67},"4":{"name":"(anonymous_4)","decl":{"start":{"line":83,"column":23},"end":{"line":83,"column":24}},"loc":{"start":{"line":83,"column":51},"end":{"line":100,"column":1}},"line":83},"5":{"name":"(anonymous_5)","decl":{"start":{"line":103,"column":23},"end":{"line":103,"column":24}},"loc":{"start":{"line":103,"column":37},"end":{"line":119,"column":1}},"line":103}},"branchMap":{},"s":{"0":6,"1":6,"2":3,"3":3,"4":6,"5":5,"6":5,"7":6,"8":3,"9":3,"10":6,"11":2,"12":2,"13":6,"14":1,"15":1,"16":6,"17":3,"18":2},"f":{"0":3,"1":5,"2":3,"3":2,"4":1,"5":3},"b":{},"_coverageSchema":"1a1c01bbd47fc00a2c39e90264f33305004495a9","hash":"f8de81b745d017537fd2fc2ee73934948f1ab8cf"}
,"C:\\Users\\Maciu\\Desktop\\Proiect WishlistApp\\Proiect\\utils\\authUtils.js": {"path":"C:\\Users\\Maciu\\Desktop\\Proiect WishlistApp\\Proiect\\utils\\authUtils.js","statementMap":{"0":{"start":{"line":3,"column":26},"end":{"line":13,"column":1}},"1":{"start":{"line":4,"column":4},"end":{"line":12,"column":6}}},"fnMap":{"0":{"name":"(anonymous_0)","decl":{"start":{"line":3,"column":26},"end":{"line":3,"column":27}},"loc":{"start":{"line":3,"column":47},"end":{"line":13,"column":1}},"line":3}},"branchMap":{},"s":{"0":1,"1":0},"f":{"0":0},"b":{},"_coverageSchema":"1a1c01bbd47fc00a2c39e90264f33305004495a9","hash":"4b3fcf8fa69926cb34136e53433117d012bc1efa"}
,"C:\\Users\\Maciu\\Desktop\\Proiect WishlistApp\\Proiect\\utils\\dateUTC.js": {"path":"C:\\Users\\Maciu\\Desktop\\Proiect WishlistApp\\Proiect\\utils\\dateUTC.js","statementMap":{"0":{"start":{"line":1,"column":16},"end":{"line":4,"column":1}},"1":{"start":{"line":2,"column":4},"end":{"line":2,"column":33}},"2":{"start":{"line":3,"column":4},"end":{"line":3,"column":13}}},"fnMap":{"0":{"name":"(anonymous_0)","decl":{"start":{"line":1,"column":16},"end":{"line":1,"column":17}},"loc":{"start":{"line":1,"column":23},"end":{"line":4,"column":1}},"line":1}},"branchMap":{},"s":{"0":1,"1":1,"2":1},"f":{"0":1},"b":{},"_coverageSchema":"1a1c01bbd47fc00a2c39e90264f33305004495a9","hash":"bdc72db7cd81bf9269f1f2d54c382860abe95efd"}
}
