TN:
SF:controllers\deleteUserController.js
FN:13,(anonymous_0)
FNF:1
FNH:1
FNDA:2,(anonymous_0)
DA:13,1
DA:14,2
DA:15,2
DA:16,1
DA:17,0
DA:21,1
DA:24,1
DA:27,1
DA:28,1
DA:29,0
DA:32,0
DA:33,0
DA:35,0
DA:36,0
DA:37,0
DA:40,0
DA:41,0
DA:44,0
DA:47,0
DA:48,0
DA:52,0
DA:58,1
DA:59,1
DA:60,0
DA:61,0
DA:63,0
DA:64,0
DA:65,0
DA:70,1
DA:71,1
DA:72,0
DA:75,1
DA:77,1
DA:79,1
DA:80,1
LF:35
LH:16
BRDA:16,0,0,0
BRDA:16,0,1,1
BRDA:64,1,0,0
BRDA:64,1,1,0
BRF:4
BRH:1
end_of_record
TN:
SF:controllers\groupControllers.js
FN:5,(anonymous_0)
FN:14,(anonymous_1)
FN:30,(anonymous_2)
FN:67,(anonymous_3)
FN:79,(anonymous_4)
FN:102,(anonymous_5)
FNF:6
FNH:5
FNDA:2,(anonymous_0)
FNDA:2,(anonymous_1)
FNDA:0,(anonymous_2)
FNDA:2,(anonymous_3)
FNDA:2,(anonymous_4)
FNDA:2,(anonymous_5)
DA:5,1
DA:6,2
DA:7,2
DA:9,1
DA:10,1
DA:14,1
DA:15,2
DA:16,2
DA:17,1
DA:19,1
DA:20,1
DA:21,0
DA:23,1
DA:25,1
DA:26,1
DA:30,1
DA:31,0
DA:32,0
DA:33,0
DA:35,0
DA:36,0
DA:37,0
DA:39,0
DA:40,0
DA:42,0
DA:43,0
DA:44,0
DA:45,0
DA:46,0
DA:49,0
DA:50,0
DA:51,0
DA:52,0
DA:53,0
DA:56,0
DA:60,0
DA:62,0
DA:63,0
DA:67,1
DA:68,2
DA:69,2
DA:72,1
DA:74,1
DA:75,1
DA:79,1
DA:80,2
DA:81,2
DA:82,1
DA:84,1
DA:85,1
DA:87,1
DA:88,0
DA:91,1
DA:95,1
DA:97,1
DA:98,1
DA:102,1
DA:103,2
DA:104,2
DA:105,1
DA:107,1
DA:108,1
DA:110,1
DA:111,1
LF:64
LH:40
BRDA:16,0,0,1
BRDA:16,0,1,1
BRDA:20,1,0,0
BRDA:20,1,1,1
BRDA:32,2,0,0
BRDA:32,2,1,0
BRDA:36,3,0,0
BRDA:36,3,1,0
BRDA:81,4,0,1
BRDA:81,4,1,1
BRDA:87,5,0,0
BRDA:87,5,1,1
BRDA:92,6,0,1
BRDA:92,6,1,1
BRDA:104,7,0,1
BRDA:104,7,1,1
BRF:16
BRH:10
end_of_record
TN:
SF:controllers\groupWishlistControllers.js
FN:5,(anonymous_0)
FN:14,(anonymous_1)
FN:32,(anonymous_2)
FN:91,(anonymous_3)
FN:137,(anonymous_4)
FNF:5
FNH:1
FNDA:2,(anonymous_0)
FNDA:0,(anonymous_1)
FNDA:0,(anonymous_2)
FNDA:0,(anonymous_3)
FNDA:0,(anonymous_4)
DA:5,1
DA:6,2
DA:7,2
DA:9,1
DA:10,1
DA:14,1
DA:15,0
DA:16,0
DA:17,0
DA:19,0
DA:21,0
DA:22,0
DA:25,0
DA:27,0
DA:28,0
DA:32,1
DA:33,0
DA:34,0
DA:35,0
DA:36,0
DA:39,0
DA:40,0
DA:41,0
DA:42,0
DA:45,0
DA:57,0
DA:59,0
DA:60,0
DA:62,0
DA:64,0
DA:65,0
DA:66,0
DA:69,0
DA:81,0
DA:83,0
DA:86,0
DA:87,0
DA:91,1
DA:92,0
DA:93,0
DA:94,0
DA:97,0
DA:99,0
DA:100,0
DA:103,0
DA:105,0
DA:106,0
DA:107,0
DA:108,0
DA:111,0
DA:118,0
DA:119,0
DA:120,0
DA:121,0
DA:123,0
DA:129,0
DA:130,0
DA:132,0
DA:133,0
DA:137,1
DA:138,0
DA:139,0
DA:140,0
DA:142,0
DA:143,0
DA:145,0
DA:146,0
LF:67
LH:9
BRDA:16,0,0,0
BRDA:16,0,1,0
BRDA:21,1,0,0
BRDA:21,1,1,0
BRDA:35,2,0,0
BRDA:35,2,1,0
BRDA:39,3,0,0
BRDA:39,3,1,0
BRDA:41,4,0,0
BRDA:41,4,1,0
BRDA:65,5,0,0
BRDA:65,5,1,0
BRDA:93,6,0,0
BRDA:93,6,1,0
BRDA:99,7,0,0
BRDA:99,7,1,0
BRDA:105,8,0,0
BRDA:105,8,1,0
BRDA:107,9,0,0
BRDA:107,9,1,0
BRDA:118,10,0,0
BRDA:118,10,1,0
BRDA:120,11,0,0
BRDA:120,11,1,0
BRDA:139,12,0,0
BRDA:139,12,1,0
BRF:26
BRH:0
end_of_record
TN:
SF:controllers\itemControllers.js
FN:3,(anonymous_0)
FN:12,(anonymous_1)
FN:28,(anonymous_2)
FN:45,(anonymous_3)
FN:73,(anonymous_4)
FNF:5
FNH:5
FNDA:2,(anonymous_0)
FNDA:2,(anonymous_1)
FNDA:2,(anonymous_2)
FNDA:2,(anonymous_3)
FNDA:2,(anonymous_4)
DA:3,1
DA:4,2
DA:5,2
DA:7,1
DA:8,1
DA:12,1
DA:13,2
DA:14,2
DA:15,1
DA:17,1
DA:18,1
DA:19,0
DA:21,1
DA:23,1
DA:24,1
DA:28,1
DA:29,2
DA:30,2
DA:38,1
DA:40,1
DA:41,1
DA:45,1
DA:46,2
DA:47,2
DA:48,1
DA:51,1
DA:52,1
DA:54,1
DA:55,0
DA:58,1
DA:66,1
DA:68,1
DA:69,1
DA:73,1
DA:74,2
DA:75,2
DA:76,1
DA:78,1
DA:79,1
DA:81,1
DA:82,1
LF:41
LH:39
BRDA:14,0,0,1
BRDA:14,0,1,1
BRDA:18,1,0,0
BRDA:18,1,1,1
BRDA:35,2,0,1
BRDA:35,2,1,1
BRDA:47,3,0,1
BRDA:47,3,1,1
BRDA:54,4,0,0
BRDA:54,4,1,1
BRDA:59,5,0,1
BRDA:59,5,1,0
BRDA:60,6,0,1
BRDA:60,6,1,1
BRDA:61,7,0,1
BRDA:61,7,1,1
BRDA:62,8,0,1
BRDA:62,8,1,1
BRDA:63,9,0,1
BRDA:63,9,1,1
BRDA:75,10,0,1
BRDA:75,10,1,1
BRF:22
BRH:19
end_of_record
TN:
SF:controllers\itemWishlistControllers.js
FN:8,(anonymous_0)
FN:17,(anonymous_1)
FN:35,(anonymous_2)
FN:50,(anonymous_3)
FN:112,(anonymous_4)
FN:211,(anonymous_5)
FNF:6
FNH:1
FNDA:2,(anonymous_0)
FNDA:0,(anonymous_1)
FNDA:0,(anonymous_2)
FNDA:0,(anonymous_3)
FNDA:0,(anonymous_4)
FNDA:0,(anonymous_5)
DA:8,1
DA:9,2
DA:10,2
DA:12,1
DA:13,1
DA:17,1
DA:18,0
DA:19,0
DA:20,0
DA:22,0
DA:24,0
DA:25,0
DA:28,0
DA:30,0
DA:31,0
DA:35,1
DA:36,0
DA:37,0
DA:39,0
DA:40,0
DA:43,0
DA:45,0
DA:46,0
DA:50,1
DA:51,0
DA:52,0
DA:53,0
DA:54,0
DA:57,0
DA:58,0
DA:59,0
DA:60,0
DA:63,0
DA:76,0
DA:79,0
DA:80,0
DA:82,0
DA:84,0
DA:85,0
DA:86,0
DA:89,0
DA:101,0
DA:103,0
DA:107,0
DA:108,0
DA:112,1
DA:113,0
DA:114,0
DA:115,0
DA:118,0
DA:120,0
DA:121,0
DA:124,0
DA:125,0
DA:126,0
DA:127,0
DA:128,0
DA:129,0
DA:130,0
DA:133,0
DA:134,0
DA:135,0
DA:136,0
DA:139,0
DA:140,0
DA:141,0
DA:144,0
DA:145,0
DA:146,0
DA:149,0
DA:151,0
DA:165,0
DA:179,0
DA:180,0
DA:181,0
DA:182,0
DA:185,0
DA:192,0
DA:193,0
DA:194,0
DA:195,0
DA:197,0
DA:203,0
DA:204,0
DA:206,0
DA:207,0
DA:211,1
DA:212,0
DA:213,0
DA:214,0
DA:216,0
DA:217,0
DA:219,0
DA:220,0
LF:94
LH:10
BRDA:19,0,0,0
BRDA:19,0,1,0
BRDA:24,1,0,0
BRDA:24,1,1,0
BRDA:39,2,0,0
BRDA:39,2,1,0
BRDA:53,3,0,0
BRDA:53,3,1,0
BRDA:57,4,0,0
BRDA:57,4,1,0
BRDA:59,5,0,0
BRDA:59,5,1,0
BRDA:85,6,0,0
BRDA:85,6,1,0
BRDA:114,7,0,0
BRDA:114,7,1,0
BRDA:120,8,0,0
BRDA:120,8,1,0
BRDA:125,9,0,0
BRDA:125,9,1,0
BRDA:125,10,0,0
BRDA:125,10,1,0
BRDA:127,11,0,0
BRDA:127,11,1,0
BRDA:128,12,0,0
BRDA:128,12,1,0
BRDA:129,13,0,0
BRDA:129,13,1,0
BRDA:135,14,0,0
BRDA:135,14,1,0
BRDA:140,15,0,0
BRDA:140,15,1,0
BRDA:145,16,0,0
BRDA:145,16,1,0
BRDA:179,17,0,0
BRDA:179,17,1,0
BRDA:181,18,0,0
BRDA:181,18,1,0
BRDA:192,19,0,0
BRDA:192,19,1,0
BRDA:194,20,0,0
BRDA:194,20,1,0
BRDA:213,21,0,0
BRDA:213,21,1,0
BRF:44
BRH:0
end_of_record
TN:
SF:controllers\notificationControllers.js
FN:4,(anonymous_0)
FN:13,(anonymous_1)
FN:22,(anonymous_2)
FN:38,(anonymous_3)
FN:68,(anonymous_4)
FN:92,(anonymous_5)
FNF:6
FNH:1
FNDA:2,(anonymous_0)
FNDA:0,(anonymous_1)
FNDA:0,(anonymous_2)
FNDA:0,(anonymous_3)
FNDA:0,(anonymous_4)
FNDA:0,(anonymous_5)
DA:4,1
DA:5,2
DA:6,2
DA:8,1
DA:9,1
DA:13,1
DA:14,0
DA:15,0
DA:17,0
DA:18,0
DA:22,1
DA:23,0
DA:24,0
DA:25,0
DA:27,0
DA:28,0
DA:29,0
DA:31,0
DA:33,0
DA:34,0
DA:38,1
DA:39,0
DA:40,0
DA:41,0
DA:42,0
DA:45,0
DA:46,0
DA:47,0
DA:50,0
DA:60,0
DA:62,0
DA:63,0
DA:68,1
DA:69,0
DA:70,0
DA:71,0
DA:73,0
DA:74,0
DA:75,0
DA:78,0
DA:80,0
DA:81,0
DA:84,0
DA:85,0
DA:87,0
DA:88,0
DA:92,1
DA:93,0
DA:94,0
DA:95,0
DA:97,0
DA:98,0
DA:100,0
DA:101,0
LF:54
LH:10
BRDA:24,0,0,0
BRDA:24,0,1,0
BRDA:28,1,0,0
BRDA:28,1,1,0
BRDA:41,2,0,0
BRDA:41,2,1,0
BRDA:46,3,0,0
BRDA:46,3,1,0
BRDA:46,4,0,0
BRDA:46,4,1,0
BRDA:46,4,2,0
BRDA:70,5,0,0
BRDA:70,5,1,0
BRDA:74,6,0,0
BRDA:74,6,1,0
BRDA:80,7,0,0
BRDA:80,7,1,0
BRDA:80,8,0,0
BRDA:80,8,1,0
BRDA:94,9,0,0
BRDA:94,9,1,0
BRF:21
BRH:0
end_of_record
TN:
SF:controllers\purchaseControllers.js
FN:5,(anonymous_0)
FN:14,(anonymous_1)
FN:30,(anonymous_2)
FN:46,(anonymous_3)
FN:62,(anonymous_4)
FN:94,(anonymous_5)
FN:142,(anonymous_6)
FNF:7
FNH:1
FNDA:2,(anonymous_0)
FNDA:0,(anonymous_1)
FNDA:0,(anonymous_2)
FNDA:0,(anonymous_3)
FNDA:0,(anonymous_4)
FNDA:0,(anonymous_5)
FNDA:0,(anonymous_6)
DA:5,1
DA:6,2
DA:7,2
DA:9,1
DA:10,1
DA:14,1
DA:15,0
DA:16,0
DA:17,0
DA:19,0
DA:20,0
DA:21,0
DA:23,0
DA:25,0
DA:26,0
DA:30,1
DA:31,0
DA:32,0
DA:33,0
DA:35,0
DA:36,0
DA:37,0
DA:39,0
DA:41,0
DA:42,0
DA:46,1
DA:47,0
DA:48,0
DA:49,0
DA:51,0
DA:52,0
DA:53,0
DA:55,0
DA:57,0
DA:58,0
DA:62,1
DA:63,0
DA:64,0
DA:65,0
DA:66,0
DA:69,0
DA:70,0
DA:71,0
DA:74,0
DA:87,0
DA:89,0
DA:90,0
DA:94,1
DA:95,0
DA:96,0
DA:97,0
DA:100,0
DA:102,0
DA:103,0
DA:106,0
DA:108,0
DA:109,0
DA:110,0
DA:111,0
DA:114,0
DA:121,0
DA:122,0
DA:123,0
DA:124,0
DA:127,0
DA:133,0
DA:134,0
DA:136,0
DA:137,0
DA:142,1
DA:143,0
DA:144,0
DA:145,0
DA:147,0
DA:148,0
DA:150,0
DA:151,0
LF:77
LH:11
BRDA:16,0,0,0
BRDA:16,0,1,0
BRDA:20,1,0,0
BRDA:20,1,1,0
BRDA:32,2,0,0
BRDA:32,2,1,0
BRDA:36,3,0,0
BRDA:36,3,1,0
BRDA:48,4,0,0
BRDA:48,4,1,0
BRDA:52,5,0,0
BRDA:52,5,1,0
BRDA:65,6,0,0
BRDA:65,6,1,0
BRDA:70,7,0,0
BRDA:70,7,1,0
BRDA:96,8,0,0
BRDA:96,8,1,0
BRDA:102,9,0,0
BRDA:102,9,1,0
BRDA:108,10,0,0
BRDA:108,10,1,0
BRDA:110,11,0,0
BRDA:110,11,1,0
BRDA:121,12,0,0
BRDA:121,12,1,0
BRDA:123,13,0,0
BRDA:123,13,1,0
BRDA:144,14,0,0
BRDA:144,14,1,0
BRF:30
BRH:0
end_of_record
TN:
SF:controllers\userAddressController.js
FN:3,(anonymous_0)
FN:12,(anonymous_1)
FN:31,(anonymous_2)
FN:46,(anonymous_3)
FN:68,(anonymous_4)
FNF:5
FNH:5
FNDA:2,(anonymous_0)
FNDA:2,(anonymous_1)
FNDA:2,(anonymous_2)
FNDA:2,(anonymous_3)
FNDA:2,(anonymous_4)
DA:3,1
DA:4,2
DA:5,2
DA:7,1
DA:8,1
DA:12,1
DA:13,2
DA:14,2
DA:15,1
DA:18,1
DA:20,1
DA:21,0
DA:24,1
DA:26,1
DA:27,1
DA:31,1
DA:32,2
DA:33,2
DA:39,1
DA:41,1
DA:42,1
DA:46,1
DA:47,2
DA:48,2
DA:49,1
DA:52,1
DA:53,1
DA:55,1
DA:61,1
DA:63,1
DA:64,1
DA:68,1
DA:69,2
DA:70,2
DA:71,1
DA:74,1
DA:76,1
DA:78,1
DA:79,1
LF:39
LH:38
BRDA:14,0,0,1
BRDA:14,0,1,1
BRDA:20,1,0,0
BRDA:20,1,1,1
BRDA:48,2,0,1
BRDA:48,2,1,1
BRDA:56,3,0,1
BRDA:56,3,1,0
BRDA:57,4,0,1
BRDA:57,4,1,1
BRDA:58,5,0,1
BRDA:58,5,1,1
BRDA:70,6,0,1
BRDA:70,6,1,1
BRF:14
BRH:12
end_of_record
TN:
SF:controllers\userControllers.js
FN:7,(anonymous_0)
FN:16,(anonymous_1)
FN:29,(anonymous_2)
FN:42,(anonymous_3)
FN:55,(anonymous_4)
FN:77,(anonymous_5)
FN:99,(anonymous_6)
FN:114,(anonymous_7)
FN:135,(anonymous_8)
FN:149,(anonymous_9)
FN:172,(anonymous_10)
FN:194,(anonymous_11)
FNF:12
FNH:1
FNDA:2,(anonymous_0)
FNDA:0,(anonymous_1)
FNDA:0,(anonymous_2)
FNDA:0,(anonymous_3)
FNDA:0,(anonymous_4)
FNDA:0,(anonymous_5)
FNDA:0,(anonymous_6)
FNDA:0,(anonymous_7)
FNDA:0,(anonymous_8)
FNDA:0,(anonymous_9)
FNDA:0,(anonymous_10)
FNDA:0,(anonymous_11)
DA:7,1
DA:8,2
DA:9,2
DA:11,1
DA:12,1
DA:16,1
DA:17,0
DA:18,0
DA:19,0
DA:20,0
DA:22,0
DA:24,0
DA:25,0
DA:29,1
DA:30,0
DA:31,0
DA:32,0
DA:33,0
DA:35,0
DA:37,0
DA:38,0
DA:42,1
DA:43,0
DA:44,0
DA:45,0
DA:46,0
DA:48,0
DA:50,0
DA:51,0
DA:55,1
DA:56,0
DA:57,0
DA:58,0
DA:59,0
DA:62,0
DA:63,0
DA:64,0
DA:65,0
DA:66,0
DA:70,0
DA:72,0
DA:73,0
DA:77,1
DA:78,0
DA:79,0
DA:80,0
DA:81,0
DA:84,0
DA:85,0
DA:86,0
DA:87,0
DA:88,0
DA:92,0
DA:94,0
DA:95,0
DA:99,1
DA:100,0
DA:101,0
DA:102,0
DA:107,0
DA:109,0
DA:110,0
DA:114,1
DA:115,0
DA:116,0
DA:117,0
DA:119,0
DA:122,0
DA:127,0
DA:129,0
DA:130,0
DA:135,1
DA:136,0
DA:137,0
DA:139,0
DA:140,0
DA:141,0
DA:142,0
DA:144,0
DA:145,0
DA:149,1
DA:150,0
DA:151,0
DA:152,0
DA:153,0
DA:156,0
DA:157,0
DA:159,0
DA:160,0
DA:161,0
DA:162,0
DA:165,0
DA:167,0
DA:168,0
DA:172,1
DA:173,0
DA:174,0
DA:175,0
DA:176,0
DA:178,0
DA:179,0
DA:180,0
DA:183,0
DA:185,0
DA:189,0
DA:190,0
DA:194,1
DA:195,0
DA:196,0
DA:197,0
DA:198,0
DA:201,0
DA:204,0
DA:206,0
DA:207,0
LF:115
LH:16
BRDA:19,0,0,0
BRDA:19,0,1,0
BRDA:32,1,0,0
BRDA:32,1,1,0
BRDA:45,2,0,0
BRDA:45,2,1,0
BRDA:58,3,0,0
BRDA:58,3,1,0
BRDA:65,4,0,0
BRDA:65,4,1,0
BRDA:80,5,0,0
BRDA:80,5,1,0
BRDA:87,6,0,0
BRDA:87,6,1,0
BRDA:119,7,0,0
BRDA:119,7,1,0
BRDA:123,8,0,0
BRDA:123,8,1,0
BRDA:124,9,0,0
BRDA:124,9,1,0
BRDA:152,10,0,0
BRDA:152,10,1,0
BRDA:175,11,0,0
BRDA:175,11,1,0
BRDA:178,12,0,0
BRDA:178,12,1,0
BRDA:197,13,0,0
BRDA:197,13,1,0
BRF:28
BRH:0
end_of_record
TN:
SF:controllers\userDetailsControllers.js
FN:5,(anonymous_0)
FN:14,(anonymous_1)
FN:27,(anonymous_2)
FN:62,(anonymous_3)
FN:118,(anonymous_4)
FNF:5
FNH:1
FNDA:2,(anonymous_0)
FNDA:0,(anonymous_1)
FNDA:0,(anonymous_2)
FNDA:0,(anonymous_3)
FNDA:0,(anonymous_4)
DA:5,1
DA:6,2
DA:7,2
DA:9,1
DA:10,1
DA:14,1
DA:15,0
DA:16,0
DA:17,0
DA:19,0
DA:20,0
DA:22,0
DA:23,0
DA:27,1
DA:28,0
DA:29,0
DA:30,0
DA:31,0
DA:34,0
DA:35,0
DA:36,0
DA:39,0
DA:55,0
DA:57,0
DA:58,0
DA:62,1
DA:63,0
DA:64,0
DA:65,0
DA:68,0
DA:69,0
DA:70,0
DA:73,0
DA:79,0
DA:80,0
DA:81,0
DA:84,0
DA:85,0
DA:86,0
DA:87,0
DA:90,0
DA:97,0
DA:98,0
DA:99,0
DA:100,0
DA:103,0
DA:110,0
DA:111,0
DA:113,0
DA:114,0
DA:118,1
DA:119,0
DA:120,0
DA:121,0
DA:123,0
DA:124,0
DA:126,0
DA:127,0
LF:58
LH:9
BRDA:16,0,0,0
BRDA:16,0,1,0
BRDA:30,1,0,0
BRDA:30,1,1,0
BRDA:35,2,0,0
BRDA:35,2,1,0
BRDA:64,3,0,0
BRDA:64,3,1,0
BRDA:69,4,0,0
BRDA:69,4,1,0
BRDA:74,5,0,0
BRDA:74,5,1,0
BRDA:75,6,0,0
BRDA:75,6,1,0
BRDA:76,7,0,0
BRDA:76,7,1,0
BRDA:79,8,0,0
BRDA:79,8,1,0
BRDA:84,9,0,0
BRDA:84,9,1,0
BRDA:86,10,0,0
BRDA:86,10,1,0
BRDA:97,11,0,0
BRDA:97,11,1,0
BRDA:99,12,0,0
BRDA:99,12,1,0
BRDA:120,13,0,0
BRDA:120,13,1,0
BRF:28
BRH:0
end_of_record
TN:
SF:controllers\userRegisterControllers.js
FN:6,(anonymous_0)
FNF:1
FNH:1
FNDA:2,(anonymous_0)
DA:6,1
DA:7,2
DA:8,2
DA:14,1
DA:15,1
DA:21,1
DA:37,1
DA:39,1
DA:40,1
LF:9
LH:9
BRF:0
BRH:0
end_of_record
TN:
SF:controllers\wishlistControllers.js
FN:4,(anonymous_0)
FN:13,(anonymous_1)
FN:31,(anonymous_2)
FN:70,(anonymous_3)
FN:85,(anonymous_4)
FN:108,(anonymous_5)
FN:136,(anonymous_6)
FNF:7
FNH:6
FNDA:2,(anonymous_0)
FNDA:3,(anonymous_1)
FNDA:3,(anonymous_2)
FNDA:3,(anonymous_3)
FNDA:2,(anonymous_4)
FNDA:0,(anonymous_5)
FNDA:3,(anonymous_6)
DA:4,1
DA:5,2
DA:6,2
DA:8,1
DA:9,1
DA:13,1
DA:14,3
DA:15,3
DA:16,1
DA:18,2
DA:20,2
DA:21,1
DA:24,1
DA:26,2
DA:27,2
DA:31,1
DA:32,3
DA:33,3
DA:34,1
DA:36,2
DA:38,2
DA:39,1
DA:42,1
DA:43,1
DA:44,1
DA:45,0
DA:46,0
DA:47,0
DA:48,0
DA:53,1
DA:54,1
DA:57,0
DA:58,0
DA:59,0
DA:60,0
DA:63,0
DA:65,3
DA:66,3
DA:70,1
DA:71,3
DA:72,3
DA:74,2
DA:75,1
DA:78,1
DA:80,2
DA:81,2
DA:85,1
DA:86,2
DA:87,2
DA:88,1
DA:89,0
DA:92,1
DA:101,1
DA:103,1
DA:104,1
DA:108,1
DA:109,0
DA:110,0
DA:111,0
DA:114,0
DA:116,0
DA:117,0
DA:120,0
DA:124,0
DA:125,0
DA:128,0
DA:129,0
DA:131,0
DA:132,0
DA:136,1
DA:137,3
DA:138,3
DA:139,1
DA:141,2
DA:142,1
DA:144,2
DA:145,2
LF:77
LH:54
BRDA:15,0,0,1
BRDA:15,0,1,2
BRDA:20,1,0,1
BRDA:20,1,1,1
BRDA:33,2,0,1
BRDA:33,2,1,2
BRDA:38,3,0,1
BRDA:38,3,1,1
BRDA:47,4,0,0
BRDA:47,4,1,0
BRDA:53,5,0,1
BRDA:53,5,1,0
BRDA:74,6,0,1
BRDA:74,6,1,1
BRDA:88,7,0,0
BRDA:88,7,1,1
BRDA:110,8,0,0
BRDA:110,8,1,0
BRDA:116,9,0,0
BRDA:116,9,1,0
BRDA:121,10,0,0
BRDA:121,10,1,0
BRDA:124,11,0,0
BRDA:124,11,1,0
BRDA:124,12,0,0
BRDA:124,12,1,0
BRDA:138,13,0,1
BRDA:138,13,1,2
BRF:28
BRH:14
end_of_record
TN:
SF:middleware\requestMiddleware.js
FN:1,(anonymous_0)
FNF:1
FNH:1
FNDA:1,(anonymous_0)
DA:1,1
DA:2,1
DA:3,1
LF:3
LH:3
BRF:0
BRH:0
end_of_record
TN:
SF:services\groupServices.js
FN:4,(anonymous_0)
FN:14,(anonymous_1)
FN:27,(anonymous_2)
FN:38,(anonymous_3)
FN:52,(anonymous_4)
FNF:5
FNH:5
FNDA:3,(anonymous_0)
FNDA:3,(anonymous_1)
FNDA:2,(anonymous_2)
FNDA:2,(anonymous_3)
FNDA:2,(anonymous_4)
DA:2,4
DA:4,4
DA:5,3
DA:11,3
DA:14,4
DA:15,3
DA:24,3
DA:27,4
DA:28,2
DA:35,2
DA:38,4
DA:39,2
DA:49,2
DA:52,4
DA:53,2
DA:62,2
LF:16
LH:16
BRF:0
BRH:0
end_of_record
TN:
SF:services\groupWishlistServices.js
FN:4,(anonymous_0)
FN:14,(anonymous_1)
FN:27,(anonymous_2)
FN:38,(anonymous_3)
FN:53,(anonymous_4)
FNF:5
FNH:1
FNDA:3,(anonymous_0)
FNDA:0,(anonymous_1)
FNDA:0,(anonymous_2)
FNDA:0,(anonymous_3)
FNDA:0,(anonymous_4)
DA:2,3
DA:4,3
DA:5,3
DA:11,3
DA:14,3
DA:15,0
DA:24,0
DA:27,3
DA:28,0
DA:35,0
DA:38,3
DA:39,0
DA:49,0
DA:53,3
DA:54,0
DA:63,0
LF:16
LH:8
BRF:0
BRH:0
end_of_record
TN:
SF:services\itemServices.js
FN:4,(anonymous_0)
FN:13,(anonymous_1)
FN:25,(anonymous_2)
FN:32,(anonymous_3)
FN:42,(anonymous_4)
FNF:5
FNH:5
FNDA:3,(anonymous_0)
FNDA:3,(anonymous_1)
FNDA:2,(anonymous_2)
FNDA:2,(anonymous_3)
FNDA:2,(anonymous_4)
DA:2,4
DA:4,4
DA:5,3
DA:10,3
DA:13,4
DA:14,3
DA:22,3
DA:25,4
DA:26,2
DA:29,2
DA:32,4
DA:33,2
DA:39,2
DA:42,4
DA:43,2
DA:48,2
LF:16
LH:16
BRF:0
BRH:0
end_of_record
TN:
SF:services\itemWishlistServices.js
FN:4,(anonymous_0)
FN:14,(anonymous_1)
FN:27,(anonymous_2)
FN:44,(anonymous_3)
FN:55,(anonymous_4)
FN:70,(anonymous_5)
FNF:6
FNH:1
FNDA:3,(anonymous_0)
FNDA:0,(anonymous_1)
FNDA:0,(anonymous_2)
FNDA:0,(anonymous_3)
FNDA:0,(anonymous_4)
FNDA:0,(anonymous_5)
DA:2,4
DA:4,4
DA:5,3
DA:11,3
DA:14,4
DA:15,0
DA:24,0
DA:27,4
DA:28,0
DA:41,0
DA:44,4
DA:45,0
DA:52,0
DA:55,4
DA:56,0
DA:66,0
DA:70,4
DA:71,0
DA:80,0
LF:19
LH:9
BRF:0
BRH:0
end_of_record
TN:
SF:services\notificationServices.js
FN:4,(anonymous_0)
FN:13,(anonymous_1)
FN:25,(anonymous_2)
FN:39,(anonymous_3)
FN:49,(anonymous_4)
FN:62,(anonymous_5)
FNF:6
FNH:1
FNDA:3,(anonymous_0)
FNDA:0,(anonymous_1)
FNDA:0,(anonymous_2)
FNDA:0,(anonymous_3)
FNDA:0,(anonymous_4)
FNDA:0,(anonymous_5)
DA:2,4
DA:4,4
DA:5,3
DA:10,3
DA:13,4
DA:14,0
DA:22,0
DA:25,4
DA:26,0
DA:34,0
DA:39,4
DA:40,0
DA:46,0
DA:49,4
DA:50,0
DA:59,0
DA:62,4
DA:63,0
DA:71,0
LF:19
LH:9
BRF:0
BRH:0
end_of_record
TN:
SF:services\purchaseServices.js
FN:4,(anonymous_0)
FN:14,(anonymous_1)
FN:29,(anonymous_2)
FN:44,(anonymous_3)
FN:57,(anonymous_4)
FN:68,(anonymous_5)
FN:82,(anonymous_6)
FNF:7
FNH:1
FNDA:3,(anonymous_0)
FNDA:0,(anonymous_1)
FNDA:0,(anonymous_2)
FNDA:0,(anonymous_3)
FNDA:0,(anonymous_4)
FNDA:0,(anonymous_5)
FNDA:0,(anonymous_6)
DA:2,4
DA:4,4
DA:5,3
DA:11,3
DA:14,4
DA:15,0
DA:26,0
DA:29,4
DA:30,0
DA:41,0
DA:44,4
DA:45,0
DA:54,0
DA:57,4
DA:58,0
DA:65,0
DA:68,4
DA:69,0
DA:79,0
DA:82,4
DA:83,0
DA:92,0
LF:22
LH:10
BRF:0
BRH:0
end_of_record
TN:
SF:services\userAddressServices.js
FN:4,(anonymous_0)
FN:9,(anonymous_1)
FN:21,(anonymous_2)
FN:28,(anonymous_3)
FN:38,(anonymous_4)
FNF:5
FNH:5
FNDA:3,(anonymous_0)
FNDA:2,(anonymous_1)
FNDA:2,(anonymous_2)
FNDA:1,(anonymous_3)
FNDA:2,(anonymous_4)
DA:2,6
DA:4,6
DA:5,3
DA:6,3
DA:9,6
DA:10,2
DA:18,2
DA:21,6
DA:22,2
DA:25,2
DA:28,6
DA:29,1
DA:35,1
DA:38,6
DA:39,2
DA:44,2
LF:16
LH:16
BRF:0
BRH:0
end_of_record
TN:
SF:services\userDetailsServices.js
FN:4,(anonymous_0)
FN:14,(anonymous_1)
FN:27,(anonymous_2)
FN:38,(anonymous_3)
FN:48,(anonymous_4)
FNF:5
FNH:3
FNDA:3,(anonymous_0)
FNDA:0,(anonymous_1)
FNDA:1,(anonymous_2)
FNDA:0,(anonymous_3)
FNDA:1,(anonymous_4)
DA:2,5
DA:4,5
DA:5,3
DA:11,3
DA:14,5
DA:15,0
DA:24,0
DA:27,5
DA:28,1
DA:35,1
DA:38,5
DA:39,0
DA:45,0
DA:48,5
DA:49,1
DA:54,1
LF:16
LH:12
BRF:0
BRH:0
end_of_record
TN:
SF:services\userGroupsServices.js
FN:4,(anonymous_0)
FN:16,(anonymous_1)
FN:29,(anonymous_2)
FN:49,(anonymous_3)
FN:60,(anonymous_4)
FN:75,(anonymous_5)
FNF:6
FNH:1
FNDA:1,(anonymous_0)
FNDA:0,(anonymous_1)
FNDA:0,(anonymous_2)
FNDA:0,(anonymous_3)
FNDA:0,(anonymous_4)
FNDA:0,(anonymous_5)
DA:2,2
DA:4,2
DA:5,1
DA:13,1
DA:16,2
DA:17,0
DA:26,0
DA:29,2
DA:30,0
DA:46,0
DA:49,2
DA:50,0
DA:57,0
DA:60,2
DA:61,0
DA:71,0
DA:75,2
DA:76,0
DA:85,0
LF:19
LH:9
BRF:0
BRH:0
end_of_record
TN:
SF:services\userServices.js
FN:4,(anonymous_0)
FN:31,(anonymous_1)
FN:61,(anonymous_2)
FN:95,(anonymous_3)
FN:129,(anonymous_4)
FN:157,(anonymous_5)
FN:188,(anonymous_6)
FNF:7
FNH:7
FNDA:3,(anonymous_0)
FNDA:1,(anonymous_1)
FNDA:3,(anonymous_2)
FNDA:1,(anonymous_3)
FNDA:2,(anonymous_4)
FNDA:1,(anonymous_5)
FNDA:2,(anonymous_6)
DA:2,10
DA:4,10
DA:5,3
DA:28,3
DA:31,10
DA:32,1
DA:58,1
DA:61,10
DA:62,3
DA:92,3
DA:95,10
DA:96,1
DA:126,1
DA:129,10
DA:130,2
DA:154,2
DA:157,10
DA:158,1
DA:185,1
DA:188,10
DA:189,2
DA:215,2
LF:22
LH:22
BRF:0
BRH:0
end_of_record
TN:
SF:services\wishlistServices.js
FN:4,(anonymous_0)
FN:19,(anonymous_1)
FN:45,(anonymous_2)
FN:67,(anonymous_3)
FN:83,(anonymous_4)
FN:103,(anonymous_5)
FNF:6
FNH:6
FNDA:3,(anonymous_0)
FNDA:5,(anonymous_1)
FNDA:3,(anonymous_2)
FNDA:2,(anonymous_3)
FNDA:1,(anonymous_4)
FNDA:3,(anonymous_5)
DA:2,6
DA:4,6
DA:5,3
DA:16,3
DA:19,6
DA:20,5
DA:42,5
DA:45,6
DA:46,3
DA:64,3
DA:67,6
DA:68,2
DA:80,2
DA:83,6
DA:84,1
DA:99,1
DA:103,6
DA:104,3
DA:118,2
LF:19
LH:19
BRF:0
BRH:0
end_of_record
TN:
SF:utils\authUtils.js
FN:3,(anonymous_0)
FNF:1
FNH:0
FNDA:0,(anonymous_0)
DA:3,1
DA:4,0
LF:2
LH:1
BRF:0
BRH:0
end_of_record
TN:
SF:utils\dateUTC.js
FN:1,(anonymous_0)
FNF:1
FNH:1
FNDA:1,(anonymous_0)
DA:1,1
DA:2,1
DA:3,1
LF:3
LH:3
BRF:0
BRH:0
end_of_record
